   1              	 .cpu cortex-m4
   2              	 .eabi_attribute 27,1
   3              	 .eabi_attribute 20,1
   4              	 .eabi_attribute 21,1
   5              	 .eabi_attribute 23,3
   6              	 .eabi_attribute 24,1
   7              	 .eabi_attribute 25,1
   8              	 .eabi_attribute 26,1
   9              	 .eabi_attribute 30,6
  10              	 .eabi_attribute 34,1
  11              	 .eabi_attribute 18,4
  12              	 .file "xmc_dsd.c"
  13              	 .text
  14              	.Ltext0:
  15              	 .cfi_sections .debug_frame
  16              	 .section .text.XMC_DSD_Enable,"ax",%progbits
  17              	 .align 1
  18              	 .global XMC_DSD_Enable
  19              	 .arch armv7e-m
  20              	 .syntax unified
  21              	 .thumb
  22              	 .thumb_func
  23              	 .fpu fpv4-sp-d16
  25              	XMC_DSD_Enable:
  26              	.LFB189:
  27              	 .file 1 "../Libraries/XMCLib/src/xmc_dsd.c"
   1:../Libraries/XMCLib/src/xmc_dsd.c **** /**
   2:../Libraries/XMCLib/src/xmc_dsd.c ****  * @file xmc_dsd.c
   3:../Libraries/XMCLib/src/xmc_dsd.c ****  * @date 2019-05-07
   4:../Libraries/XMCLib/src/xmc_dsd.c ****  *
   5:../Libraries/XMCLib/src/xmc_dsd.c ****  * @cond
   6:../Libraries/XMCLib/src/xmc_dsd.c ****  *****************************************************************************
   7:../Libraries/XMCLib/src/xmc_dsd.c ****  * XMClib v2.2.0 - XMC Peripheral Driver Library
   8:../Libraries/XMCLib/src/xmc_dsd.c ****  *
   9:../Libraries/XMCLib/src/xmc_dsd.c ****  * Copyright (c) 2015-2020, Infineon Technologies AG
  10:../Libraries/XMCLib/src/xmc_dsd.c ****  * All rights reserved.
  11:../Libraries/XMCLib/src/xmc_dsd.c ****  *
  12:../Libraries/XMCLib/src/xmc_dsd.c ****  * Boost Software License - Version 1.0 - August 17th, 2003
  13:../Libraries/XMCLib/src/xmc_dsd.c ****  *
  14:../Libraries/XMCLib/src/xmc_dsd.c ****  * Permission is hereby granted, free of charge, to any person or organization
  15:../Libraries/XMCLib/src/xmc_dsd.c ****  * obtaining a copy of the software and accompanying documentation covered by
  16:../Libraries/XMCLib/src/xmc_dsd.c ****  * this license (the "Software") to use, reproduce, display, distribute,
  17:../Libraries/XMCLib/src/xmc_dsd.c ****  * execute, and transmit the Software, and to prepare derivative works of the
  18:../Libraries/XMCLib/src/xmc_dsd.c ****  * Software, and to permit third-parties to whom the Software is furnished to
  19:../Libraries/XMCLib/src/xmc_dsd.c ****  * do so, all subject to the following:
  20:../Libraries/XMCLib/src/xmc_dsd.c ****  *
  21:../Libraries/XMCLib/src/xmc_dsd.c ****  * The copyright notices in the Software and this entire statement, including
  22:../Libraries/XMCLib/src/xmc_dsd.c ****  * the above license grant, this restriction and the following disclaimer,
  23:../Libraries/XMCLib/src/xmc_dsd.c ****  * must be included in all copies of the Software, in whole or in part, and
  24:../Libraries/XMCLib/src/xmc_dsd.c ****  * all derivative works of the Software, unless such copies or derivative
  25:../Libraries/XMCLib/src/xmc_dsd.c ****  * works are solely in the form of machine-executable object code generated by
  26:../Libraries/XMCLib/src/xmc_dsd.c ****  * a source language processor.
  27:../Libraries/XMCLib/src/xmc_dsd.c ****  *
  28:../Libraries/XMCLib/src/xmc_dsd.c ****  * THE SOFTWARE IS PROVIDED "AS IS", WITHOUT WARRANTY OF ANY KIND, EXPRESS OR
  29:../Libraries/XMCLib/src/xmc_dsd.c ****  * IMPLIED, INCLUDING BUT NOT LIMITED TO THE WARRANTIES OF MERCHANTABILITY,
  30:../Libraries/XMCLib/src/xmc_dsd.c ****  * FITNESS FOR A PARTICULAR PURPOSE, TITLE AND NON-INFRINGEMENT. IN NO EVENT
  31:../Libraries/XMCLib/src/xmc_dsd.c ****  * SHALL THE COPYRIGHT HOLDERS OR ANYONE DISTRIBUTING THE SOFTWARE BE LIABLE
  32:../Libraries/XMCLib/src/xmc_dsd.c ****  * FOR ANY DAMAGES OR OTHER LIABILITY, WHETHER IN CONTRACT, TORT OR OTHERWISE,
  33:../Libraries/XMCLib/src/xmc_dsd.c ****  * ARISING FROM, OUT OF OR IN CONNECTION WITH THE SOFTWARE OR THE USE OR OTHER
  34:../Libraries/XMCLib/src/xmc_dsd.c ****  * DEALINGS IN THE SOFTWARE.
  35:../Libraries/XMCLib/src/xmc_dsd.c ****  *
  36:../Libraries/XMCLib/src/xmc_dsd.c ****  * To improve the quality of the software, users are encouraged to share
  37:../Libraries/XMCLib/src/xmc_dsd.c ****  * modifications, enhancements or bug fixes with Infineon Technologies AG
  38:../Libraries/XMCLib/src/xmc_dsd.c ****  * at XMCSupport@infineon.com.
  39:../Libraries/XMCLib/src/xmc_dsd.c ****  *****************************************************************************
  40:../Libraries/XMCLib/src/xmc_dsd.c ****  *
  41:../Libraries/XMCLib/src/xmc_dsd.c ****  * Change History
  42:../Libraries/XMCLib/src/xmc_dsd.c ****  * --------------
  43:../Libraries/XMCLib/src/xmc_dsd.c ****  *
  44:../Libraries/XMCLib/src/xmc_dsd.c ****  * 2015-03-30:
  45:../Libraries/XMCLib/src/xmc_dsd.c ****  *     - Initial version
  46:../Libraries/XMCLib/src/xmc_dsd.c ****  *
  47:../Libraries/XMCLib/src/xmc_dsd.c ****  * 2015-06-19:
  48:../Libraries/XMCLib/src/xmc_dsd.c ****  *     - Removed GetDriverVersion API <BR>
  49:../Libraries/XMCLib/src/xmc_dsd.c ****  *
  50:../Libraries/XMCLib/src/xmc_dsd.c ****  * 2015-09-18:
  51:../Libraries/XMCLib/src/xmc_dsd.c ****  *     - Support added for XMC4800 microcontroller family <BR>
  52:../Libraries/XMCLib/src/xmc_dsd.c ****  *
  53:../Libraries/XMCLib/src/xmc_dsd.c ****  * 2019-05-07:
  54:../Libraries/XMCLib/src/xmc_dsd.c ****  *     - Fixed compilation warnings
  55:../Libraries/XMCLib/src/xmc_dsd.c ****  *
  56:../Libraries/XMCLib/src/xmc_dsd.c ****  * @endcond
  57:../Libraries/XMCLib/src/xmc_dsd.c ****  *
  58:../Libraries/XMCLib/src/xmc_dsd.c ****  */
  59:../Libraries/XMCLib/src/xmc_dsd.c **** 
  60:../Libraries/XMCLib/src/xmc_dsd.c **** /**************************************************************************************************
  61:../Libraries/XMCLib/src/xmc_dsd.c ****  * HEADER FILES
  62:../Libraries/XMCLib/src/xmc_dsd.c ****  **************************************************************************************************
  63:../Libraries/XMCLib/src/xmc_dsd.c **** #include "xmc_dsd.h"
  64:../Libraries/XMCLib/src/xmc_dsd.c **** 
  65:../Libraries/XMCLib/src/xmc_dsd.c **** #if defined(DSD)
  66:../Libraries/XMCLib/src/xmc_dsd.c **** 
  67:../Libraries/XMCLib/src/xmc_dsd.c **** /**************************************************************************************************
  68:../Libraries/XMCLib/src/xmc_dsd.c ****  * MACROS
  69:../Libraries/XMCLib/src/xmc_dsd.c ****  **************************************************************************************************
  70:../Libraries/XMCLib/src/xmc_dsd.c **** 
  71:../Libraries/XMCLib/src/xmc_dsd.c **** #define XMC_DSD_MIN_FILTER_START  (4U)
  72:../Libraries/XMCLib/src/xmc_dsd.c **** #define XMC_DSD_MIN_DECIMATION_FACTOR (4U)
  73:../Libraries/XMCLib/src/xmc_dsd.c **** #define XMC_DSD_MAX_DECIMATION_FACTOR (256U)
  74:../Libraries/XMCLib/src/xmc_dsd.c **** #define XMC_DSD_MAX_DECIMATION_FACTOR_AUX (32U)
  75:../Libraries/XMCLib/src/xmc_dsd.c **** 
  76:../Libraries/XMCLib/src/xmc_dsd.c **** /**************************************************************************************************
  77:../Libraries/XMCLib/src/xmc_dsd.c ****  * API IMPLEMENTATION
  78:../Libraries/XMCLib/src/xmc_dsd.c ****  **************************************************************************************************
  79:../Libraries/XMCLib/src/xmc_dsd.c **** 
  80:../Libraries/XMCLib/src/xmc_dsd.c **** /*Enable the DSD Module*/
  81:../Libraries/XMCLib/src/xmc_dsd.c **** void XMC_DSD_Enable(XMC_DSD_t *const dsd)
  82:../Libraries/XMCLib/src/xmc_dsd.c **** {
  28              	 .loc 1 82 1
  29              	 .cfi_startproc
  30              	 
  31              	 
  32 0000 80B5     	 push {r7,lr}
  33              	.LCFI0:
  34              	 .cfi_def_cfa_offset 8
  35              	 .cfi_offset 7,-8
  36              	 .cfi_offset 14,-4
  37 0002 82B0     	 sub sp,sp,#8
  38              	.LCFI1:
  39              	 .cfi_def_cfa_offset 16
  40 0004 00AF     	 add r7,sp,#0
  41              	.LCFI2:
  42              	 .cfi_def_cfa_register 7
  43 0006 7860     	 str r0,[r7,#4]
  83:../Libraries/XMCLib/src/xmc_dsd.c ****   XMC_ASSERT("XMC_DSD_Enable:Invalid module pointer", XMC_DSD_CHECK_MODULE_PTR(dsd));
  84:../Libraries/XMCLib/src/xmc_dsd.c ****   XMC_UNUSED_ARG(dsd);
  85:../Libraries/XMCLib/src/xmc_dsd.c **** 
  86:../Libraries/XMCLib/src/xmc_dsd.c **** #if defined(CLOCK_GATING_SUPPORTED)
  87:../Libraries/XMCLib/src/xmc_dsd.c ****   XMC_SCU_CLOCK_UngatePeripheralClock(XMC_SCU_PERIPHERAL_CLOCK_DSD);
  88:../Libraries/XMCLib/src/xmc_dsd.c **** #endif
  89:../Libraries/XMCLib/src/xmc_dsd.c ****   XMC_SCU_RESET_DeassertPeripheralReset(XMC_SCU_PERIPHERAL_RESET_DSD);
  44              	 .loc 1 89 3
  45 0008 0220     	 movs r0,#2
  46 000a FFF7FEFF 	 bl XMC_SCU_RESET_DeassertPeripheralReset
  90:../Libraries/XMCLib/src/xmc_dsd.c **** }
  47              	 .loc 1 90 1
  48 000e 00BF     	 nop
  49 0010 0837     	 adds r7,r7,#8
  50              	.LCFI3:
  51              	 .cfi_def_cfa_offset 8
  52 0012 BD46     	 mov sp,r7
  53              	.LCFI4:
  54              	 .cfi_def_cfa_register 13
  55              	 
  56 0014 80BD     	 pop {r7,pc}
  57              	 .cfi_endproc
  58              	.LFE189:
  60              	 .section .text.XMC_DSD_Disable,"ax",%progbits
  61              	 .align 1
  62              	 .global XMC_DSD_Disable
  63              	 .syntax unified
  64              	 .thumb
  65              	 .thumb_func
  66              	 .fpu fpv4-sp-d16
  68              	XMC_DSD_Disable:
  69              	.LFB190:
  91:../Libraries/XMCLib/src/xmc_dsd.c **** 
  92:../Libraries/XMCLib/src/xmc_dsd.c **** /*Disable the DSD Module*/
  93:../Libraries/XMCLib/src/xmc_dsd.c **** void XMC_DSD_Disable(XMC_DSD_t *const dsd)
  94:../Libraries/XMCLib/src/xmc_dsd.c **** {
  70              	 .loc 1 94 1
  71              	 .cfi_startproc
  72              	 
  73              	 
  74 0000 80B5     	 push {r7,lr}
  75              	.LCFI5:
  76              	 .cfi_def_cfa_offset 8
  77              	 .cfi_offset 7,-8
  78              	 .cfi_offset 14,-4
  79 0002 82B0     	 sub sp,sp,#8
  80              	.LCFI6:
  81              	 .cfi_def_cfa_offset 16
  82 0004 00AF     	 add r7,sp,#0
  83              	.LCFI7:
  84              	 .cfi_def_cfa_register 7
  85 0006 7860     	 str r0,[r7,#4]
  95:../Libraries/XMCLib/src/xmc_dsd.c ****   XMC_ASSERT("XMC_DSD_Disable:Invalid module pointer", XMC_DSD_CHECK_MODULE_PTR(dsd));
  96:../Libraries/XMCLib/src/xmc_dsd.c ****   XMC_UNUSED_ARG(dsd);
  97:../Libraries/XMCLib/src/xmc_dsd.c **** 
  98:../Libraries/XMCLib/src/xmc_dsd.c ****   XMC_SCU_RESET_AssertPeripheralReset(XMC_SCU_PERIPHERAL_RESET_DSD);
  86              	 .loc 1 98 3
  87 0008 0220     	 movs r0,#2
  88 000a FFF7FEFF 	 bl XMC_SCU_RESET_AssertPeripheralReset
  99:../Libraries/XMCLib/src/xmc_dsd.c **** #if defined(CLOCK_GATING_SUPPORTED)
 100:../Libraries/XMCLib/src/xmc_dsd.c ****   XMC_SCU_CLOCK_GatePeripheralClock(XMC_SCU_PERIPHERAL_CLOCK_DSD);
 101:../Libraries/XMCLib/src/xmc_dsd.c **** #endif
 102:../Libraries/XMCLib/src/xmc_dsd.c **** }
  89              	 .loc 1 102 1
  90 000e 00BF     	 nop
  91 0010 0837     	 adds r7,r7,#8
  92              	.LCFI8:
  93              	 .cfi_def_cfa_offset 8
  94 0012 BD46     	 mov sp,r7
  95              	.LCFI9:
  96              	 .cfi_def_cfa_register 13
  97              	 
  98 0014 80BD     	 pop {r7,pc}
  99              	 .cfi_endproc
 100              	.LFE190:
 102              	 .section .text.XMC_DSD_EnableClock,"ax",%progbits
 103              	 .align 1
 104              	 .global XMC_DSD_EnableClock
 105              	 .syntax unified
 106              	 .thumb
 107              	 .thumb_func
 108              	 .fpu fpv4-sp-d16
 110              	XMC_DSD_EnableClock:
 111              	.LFB191:
 103:../Libraries/XMCLib/src/xmc_dsd.c **** 
 104:../Libraries/XMCLib/src/xmc_dsd.c **** /* Enable the module clock*/
 105:../Libraries/XMCLib/src/xmc_dsd.c **** void XMC_DSD_EnableClock(XMC_DSD_t *const dsd)
 106:../Libraries/XMCLib/src/xmc_dsd.c **** {
 112              	 .loc 1 106 1
 113              	 .cfi_startproc
 114              	 
 115              	 
 116              	 
 117 0000 80B4     	 push {r7}
 118              	.LCFI10:
 119              	 .cfi_def_cfa_offset 4
 120              	 .cfi_offset 7,-4
 121 0002 83B0     	 sub sp,sp,#12
 122              	.LCFI11:
 123              	 .cfi_def_cfa_offset 16
 124 0004 00AF     	 add r7,sp,#0
 125              	.LCFI12:
 126              	 .cfi_def_cfa_register 7
 127 0006 7860     	 str r0,[r7,#4]
 107:../Libraries/XMCLib/src/xmc_dsd.c ****   XMC_ASSERT("XMC_DSD_EnableClock:Invalid module pointer", XMC_DSD_CHECK_MODULE_PTR(dsd));
 108:../Libraries/XMCLib/src/xmc_dsd.c ****   /* Enable the module clock */
 109:../Libraries/XMCLib/src/xmc_dsd.c ****   dsd->CLC &= ~(uint32_t)DSD_CLC_DISR_Msk;
 128              	 .loc 1 109 12
 129 0008 7B68     	 ldr r3,[r7,#4]
 130 000a 1B68     	 ldr r3,[r3]
 131 000c 23F00102 	 bic r2,r3,#1
 132 0010 7B68     	 ldr r3,[r7,#4]
 133 0012 1A60     	 str r2,[r3]
 110:../Libraries/XMCLib/src/xmc_dsd.c ****   /* enable internal module clock */
 111:../Libraries/XMCLib/src/xmc_dsd.c ****   dsd ->GLOBCFG |= (uint32_t)0x01;
 134              	 .loc 1 111 17
 135 0014 7B68     	 ldr r3,[r7,#4]
 136 0016 D3F88030 	 ldr r3,[r3,#128]
 137 001a 43F00102 	 orr r2,r3,#1
 138 001e 7B68     	 ldr r3,[r7,#4]
 139 0020 C3F88020 	 str r2,[r3,#128]
 112:../Libraries/XMCLib/src/xmc_dsd.c **** }
 140              	 .loc 1 112 1
 141 0024 00BF     	 nop
 142 0026 0C37     	 adds r7,r7,#12
 143              	.LCFI13:
 144              	 .cfi_def_cfa_offset 4
 145 0028 BD46     	 mov sp,r7
 146              	.LCFI14:
 147              	 .cfi_def_cfa_register 13
 148              	 
 149 002a 5DF8047B 	 ldr r7,[sp],#4
 150              	.LCFI15:
 151              	 .cfi_restore 7
 152              	 .cfi_def_cfa_offset 0
 153 002e 7047     	 bx lr
 154              	 .cfi_endproc
 155              	.LFE191:
 157              	 .section .text.XMC_DSD_DisableClock,"ax",%progbits
 158              	 .align 1
 159              	 .global XMC_DSD_DisableClock
 160              	 .syntax unified
 161              	 .thumb
 162              	 .thumb_func
 163              	 .fpu fpv4-sp-d16
 165              	XMC_DSD_DisableClock:
 166              	.LFB192:
 113:../Libraries/XMCLib/src/xmc_dsd.c **** 
 114:../Libraries/XMCLib/src/xmc_dsd.c **** void XMC_DSD_DisableClock(XMC_DSD_t *const dsd)
 115:../Libraries/XMCLib/src/xmc_dsd.c **** {
 167              	 .loc 1 115 1
 168              	 .cfi_startproc
 169              	 
 170              	 
 171              	 
 172 0000 80B4     	 push {r7}
 173              	.LCFI16:
 174              	 .cfi_def_cfa_offset 4
 175              	 .cfi_offset 7,-4
 176 0002 83B0     	 sub sp,sp,#12
 177              	.LCFI17:
 178              	 .cfi_def_cfa_offset 16
 179 0004 00AF     	 add r7,sp,#0
 180              	.LCFI18:
 181              	 .cfi_def_cfa_register 7
 182 0006 7860     	 str r0,[r7,#4]
 116:../Libraries/XMCLib/src/xmc_dsd.c ****   XMC_ASSERT("XMC_DSD_DisableClock:Invalid module pointer", XMC_DSD_CHECK_MODULE_PTR(dsd));
 117:../Libraries/XMCLib/src/xmc_dsd.c **** 
 118:../Libraries/XMCLib/src/xmc_dsd.c ****   /* disable internal module clock */
 119:../Libraries/XMCLib/src/xmc_dsd.c ****   dsd->GLOBCFG &= ~(uint32_t)DSD_GLOBCFG_MCSEL_Msk;
 183              	 .loc 1 119 16
 184 0008 7B68     	 ldr r3,[r7,#4]
 185 000a D3F88030 	 ldr r3,[r3,#128]
 186 000e 23F00702 	 bic r2,r3,#7
 187 0012 7B68     	 ldr r3,[r7,#4]
 188 0014 C3F88020 	 str r2,[r3,#128]
 120:../Libraries/XMCLib/src/xmc_dsd.c **** 
 121:../Libraries/XMCLib/src/xmc_dsd.c ****   /* stop the module clock */
 122:../Libraries/XMCLib/src/xmc_dsd.c ****   dsd->CLC |= (uint32_t)DSD_CLC_DISR_Msk;
 189              	 .loc 1 122 12
 190 0018 7B68     	 ldr r3,[r7,#4]
 191 001a 1B68     	 ldr r3,[r3]
 192 001c 43F00102 	 orr r2,r3,#1
 193 0020 7B68     	 ldr r3,[r7,#4]
 194 0022 1A60     	 str r2,[r3]
 123:../Libraries/XMCLib/src/xmc_dsd.c **** 
 124:../Libraries/XMCLib/src/xmc_dsd.c **** }
 195              	 .loc 1 124 1
 196 0024 00BF     	 nop
 197 0026 0C37     	 adds r7,r7,#12
 198              	.LCFI19:
 199              	 .cfi_def_cfa_offset 4
 200 0028 BD46     	 mov sp,r7
 201              	.LCFI20:
 202              	 .cfi_def_cfa_register 13
 203              	 
 204 002a 5DF8047B 	 ldr r7,[sp],#4
 205              	.LCFI21:
 206              	 .cfi_restore 7
 207              	 .cfi_def_cfa_offset 0
 208 002e 7047     	 bx lr
 209              	 .cfi_endproc
 210              	.LFE192:
 212              	 .section .text.XMC_DSD_Init,"ax",%progbits
 213              	 .align 1
 214              	 .global XMC_DSD_Init
 215              	 .syntax unified
 216              	 .thumb
 217              	 .thumb_func
 218              	 .fpu fpv4-sp-d16
 220              	XMC_DSD_Init:
 221              	.LFB193:
 125:../Libraries/XMCLib/src/xmc_dsd.c **** 
 126:../Libraries/XMCLib/src/xmc_dsd.c **** /* Enable the DSD module and clock */
 127:../Libraries/XMCLib/src/xmc_dsd.c **** void XMC_DSD_Init(XMC_DSD_t *const dsd)
 128:../Libraries/XMCLib/src/xmc_dsd.c **** {
 222              	 .loc 1 128 1
 223              	 .cfi_startproc
 224              	 
 225              	 
 226 0000 80B5     	 push {r7,lr}
 227              	.LCFI22:
 228              	 .cfi_def_cfa_offset 8
 229              	 .cfi_offset 7,-8
 230              	 .cfi_offset 14,-4
 231 0002 82B0     	 sub sp,sp,#8
 232              	.LCFI23:
 233              	 .cfi_def_cfa_offset 16
 234 0004 00AF     	 add r7,sp,#0
 235              	.LCFI24:
 236              	 .cfi_def_cfa_register 7
 237 0006 7860     	 str r0,[r7,#4]
 129:../Libraries/XMCLib/src/xmc_dsd.c ****   XMC_ASSERT("XMC_DSD_Init:Invalid module pointer", XMC_DSD_CHECK_MODULE_PTR(dsd));
 130:../Libraries/XMCLib/src/xmc_dsd.c ****   XMC_DSD_Enable(dsd);
 238              	 .loc 1 130 3
 239 0008 7868     	 ldr r0,[r7,#4]
 240 000a FFF7FEFF 	 bl XMC_DSD_Enable
 131:../Libraries/XMCLib/src/xmc_dsd.c ****   XMC_DSD_EnableClock(dsd);
 241              	 .loc 1 131 3
 242 000e 7868     	 ldr r0,[r7,#4]
 243 0010 FFF7FEFF 	 bl XMC_DSD_EnableClock
 132:../Libraries/XMCLib/src/xmc_dsd.c **** }
 244              	 .loc 1 132 1
 245 0014 00BF     	 nop
 246 0016 0837     	 adds r7,r7,#8
 247              	.LCFI25:
 248              	 .cfi_def_cfa_offset 8
 249 0018 BD46     	 mov sp,r7
 250              	.LCFI26:
 251              	 .cfi_def_cfa_register 13
 252              	 
 253 001a 80BD     	 pop {r7,pc}
 254              	 .cfi_endproc
 255              	.LFE193:
 257              	 .section .text.XMC_DSD_IsEnabled,"ax",%progbits
 258              	 .align 1
 259              	 .global XMC_DSD_IsEnabled
 260              	 .syntax unified
 261              	 .thumb
 262              	 .thumb_func
 263              	 .fpu fpv4-sp-d16
 265              	XMC_DSD_IsEnabled:
 266              	.LFB194:
 133:../Libraries/XMCLib/src/xmc_dsd.c **** 
 134:../Libraries/XMCLib/src/xmc_dsd.c **** bool XMC_DSD_IsEnabled(XMC_DSD_t *const dsd)
 135:../Libraries/XMCLib/src/xmc_dsd.c **** {
 267              	 .loc 1 135 1
 268              	 .cfi_startproc
 269              	 
 270              	 
 271 0000 80B5     	 push {r7,lr}
 272              	.LCFI27:
 273              	 .cfi_def_cfa_offset 8
 274              	 .cfi_offset 7,-8
 275              	 .cfi_offset 14,-4
 276 0002 84B0     	 sub sp,sp,#16
 277              	.LCFI28:
 278              	 .cfi_def_cfa_offset 24
 279 0004 00AF     	 add r7,sp,#0
 280              	.LCFI29:
 281              	 .cfi_def_cfa_register 7
 282 0006 7860     	 str r0,[r7,#4]
 136:../Libraries/XMCLib/src/xmc_dsd.c ****   bool status;
 137:../Libraries/XMCLib/src/xmc_dsd.c ****   XMC_ASSERT("XMC_DSD_Disable:Invalid module pointer", XMC_DSD_CHECK_MODULE_PTR(dsd));
 138:../Libraries/XMCLib/src/xmc_dsd.c ****   XMC_UNUSED_ARG(dsd);
 139:../Libraries/XMCLib/src/xmc_dsd.c **** 
 140:../Libraries/XMCLib/src/xmc_dsd.c **** #if ((UC_SERIES == XMC44) || (UC_SERIES == XMC48)||(UC_SERIES == XMC47))
 141:../Libraries/XMCLib/src/xmc_dsd.c ****   if (XMC_SCU_RESET_IsPeripheralResetAsserted(XMC_SCU_PERIPHERAL_RESET_DSD) == false)
 142:../Libraries/XMCLib/src/xmc_dsd.c ****   {
 143:../Libraries/XMCLib/src/xmc_dsd.c ****     if (XMC_SCU_CLOCK_IsPeripheralClockGated(XMC_SCU_PERIPHERAL_CLOCK_DSD) == false)
 144:../Libraries/XMCLib/src/xmc_dsd.c ****     {
 145:../Libraries/XMCLib/src/xmc_dsd.c ****       status = true;
 146:../Libraries/XMCLib/src/xmc_dsd.c ****     }
 147:../Libraries/XMCLib/src/xmc_dsd.c ****     else
 148:../Libraries/XMCLib/src/xmc_dsd.c ****     {
 149:../Libraries/XMCLib/src/xmc_dsd.c ****       status = false;
 150:../Libraries/XMCLib/src/xmc_dsd.c ****     }
 151:../Libraries/XMCLib/src/xmc_dsd.c ****   }
 152:../Libraries/XMCLib/src/xmc_dsd.c ****   else
 153:../Libraries/XMCLib/src/xmc_dsd.c ****   {
 154:../Libraries/XMCLib/src/xmc_dsd.c ****     status = false;
 155:../Libraries/XMCLib/src/xmc_dsd.c ****   }
 156:../Libraries/XMCLib/src/xmc_dsd.c **** #else
 157:../Libraries/XMCLib/src/xmc_dsd.c ****   if (XMC_SCU_RESET_IsPeripheralResetAsserted(XMC_SCU_PERIPHERAL_RESET_DSD) == false)
 283              	 .loc 1 157 7
 284 0008 0220     	 movs r0,#2
 285 000a FFF7FEFF 	 bl XMC_SCU_RESET_IsPeripheralResetAsserted
 286 000e 0346     	 mov r3,r0
 287              	 .loc 1 157 77
 288 0010 83F00103 	 eor r3,r3,#1
 289 0014 DBB2     	 uxtb r3,r3
 290              	 .loc 1 157 6
 291 0016 002B     	 cmp r3,#0
 292 0018 02D0     	 beq .L7
 158:../Libraries/XMCLib/src/xmc_dsd.c ****   {
 159:../Libraries/XMCLib/src/xmc_dsd.c ****     status = true;
 293              	 .loc 1 159 12
 294 001a 0123     	 movs r3,#1
 295 001c FB73     	 strb r3,[r7,#15]
 296 001e 01E0     	 b .L8
 297              	.L7:
 160:../Libraries/XMCLib/src/xmc_dsd.c ****   }
 161:../Libraries/XMCLib/src/xmc_dsd.c ****   else
 162:../Libraries/XMCLib/src/xmc_dsd.c ****   {
 163:../Libraries/XMCLib/src/xmc_dsd.c ****     status = false;
 298              	 .loc 1 163 12
 299 0020 0023     	 movs r3,#0
 300 0022 FB73     	 strb r3,[r7,#15]
 301              	.L8:
 164:../Libraries/XMCLib/src/xmc_dsd.c ****   }
 165:../Libraries/XMCLib/src/xmc_dsd.c **** #endif
 166:../Libraries/XMCLib/src/xmc_dsd.c **** 
 167:../Libraries/XMCLib/src/xmc_dsd.c ****   return (status);
 302              	 .loc 1 167 10
 303 0024 FB7B     	 ldrb r3,[r7,#15]
 168:../Libraries/XMCLib/src/xmc_dsd.c **** }
 304              	 .loc 1 168 1
 305 0026 1846     	 mov r0,r3
 306 0028 1037     	 adds r7,r7,#16
 307              	.LCFI30:
 308              	 .cfi_def_cfa_offset 8
 309 002a BD46     	 mov sp,r7
 310              	.LCFI31:
 311              	 .cfi_def_cfa_register 13
 312              	 
 313 002c 80BD     	 pop {r7,pc}
 314              	 .cfi_endproc
 315              	.LFE194:
 317              	 .section .text.XMC_DSD_Generator_Init,"ax",%progbits
 318              	 .align 1
 319              	 .global XMC_DSD_Generator_Init
 320              	 .syntax unified
 321              	 .thumb
 322              	 .thumb_func
 323              	 .fpu fpv4-sp-d16
 325              	XMC_DSD_Generator_Init:
 326              	.LFB195:
 169:../Libraries/XMCLib/src/xmc_dsd.c **** 
 170:../Libraries/XMCLib/src/xmc_dsd.c **** /*Initializes the Waveform Generator*/
 171:../Libraries/XMCLib/src/xmc_dsd.c **** void XMC_DSD_Generator_Init(XMC_DSD_t *const dsd, const XMC_DSD_GENERATOR_CONFIG_t *const config)
 172:../Libraries/XMCLib/src/xmc_dsd.c **** {
 327              	 .loc 1 172 1
 328              	 .cfi_startproc
 329              	 
 330              	 
 331              	 
 332 0000 80B4     	 push {r7}
 333              	.LCFI32:
 334              	 .cfi_def_cfa_offset 4
 335              	 .cfi_offset 7,-4
 336 0002 83B0     	 sub sp,sp,#12
 337              	.LCFI33:
 338              	 .cfi_def_cfa_offset 16
 339 0004 00AF     	 add r7,sp,#0
 340              	.LCFI34:
 341              	 .cfi_def_cfa_register 7
 342 0006 7860     	 str r0,[r7,#4]
 343 0008 3960     	 str r1,[r7]
 173:../Libraries/XMCLib/src/xmc_dsd.c ****   XMC_ASSERT("XMC_DSD_GENERATOR_Init:Invalid module pointer", XMC_DSD_CHECK_MODULE_PTR(dsd));
 174:../Libraries/XMCLib/src/xmc_dsd.c ****   XMC_ASSERT("XMC_DSD_GENERATOR_Init:NULL Pointer", (config != (XMC_DSD_GENERATOR_CONFIG_t *)NULL) 
 175:../Libraries/XMCLib/src/xmc_dsd.c ****   /* Reset Generator */
 176:../Libraries/XMCLib/src/xmc_dsd.c ****   dsd ->CGCFG &= ~((uint32_t)DSD_CGCFG_CGMOD_Msk | (uint32_t)DSD_CGCFG_BREV_Msk | (uint32_t)DSD_CGC
 344              	 .loc 1 176 15
 345 000a 7B68     	 ldr r3,[r7,#4]
 346 000c D3F8A030 	 ldr r3,[r3,#160]
 347 0010 23F0FF02 	 bic r2,r3,#255
 348 0014 7B68     	 ldr r3,[r7,#4]
 349 0016 C3F8A020 	 str r2,[r3,#160]
 177:../Libraries/XMCLib/src/xmc_dsd.c **** 
 178:../Libraries/XMCLib/src/xmc_dsd.c ****   /* Generator configuration */
 179:../Libraries/XMCLib/src/xmc_dsd.c ****   dsd ->CGCFG = config->generator_conf;
 350              	 .loc 1 179 23
 351 001a 3B68     	 ldr r3,[r7]
 352 001c 1A68     	 ldr r2,[r3]
 353              	 .loc 1 179 15
 354 001e 7B68     	 ldr r3,[r7,#4]
 355 0020 C3F8A020 	 str r2,[r3,#160]
 180:../Libraries/XMCLib/src/xmc_dsd.c **** }
 356              	 .loc 1 180 1
 357 0024 00BF     	 nop
 358 0026 0C37     	 adds r7,r7,#12
 359              	.LCFI35:
 360              	 .cfi_def_cfa_offset 4
 361 0028 BD46     	 mov sp,r7
 362              	.LCFI36:
 363              	 .cfi_def_cfa_register 13
 364              	 
 365 002a 5DF8047B 	 ldr r7,[sp],#4
 366              	.LCFI37:
 367              	 .cfi_restore 7
 368              	 .cfi_def_cfa_offset 0
 369 002e 7047     	 bx lr
 370              	 .cfi_endproc
 371              	.LFE195:
 373              	 .section .text.XMC_DSD_CH_Init,"ax",%progbits
 374              	 .align 1
 375              	 .global XMC_DSD_CH_Init
 376              	 .syntax unified
 377              	 .thumb
 378              	 .thumb_func
 379              	 .fpu fpv4-sp-d16
 381              	XMC_DSD_CH_Init:
 382              	.LFB196:
 181:../Libraries/XMCLib/src/xmc_dsd.c **** 
 182:../Libraries/XMCLib/src/xmc_dsd.c **** /* Initialize main filter,auxiliary filter,integrator, rectifier and timestamp of DSD*/
 183:../Libraries/XMCLib/src/xmc_dsd.c **** XMC_DSD_STATUS_t XMC_DSD_CH_Init( XMC_DSD_CH_t *const channel, const XMC_DSD_CH_CONFIG_t *const con
 184:../Libraries/XMCLib/src/xmc_dsd.c **** {
 383              	 .loc 1 184 1
 384              	 .cfi_startproc
 385              	 
 386              	 
 387 0000 80B5     	 push {r7,lr}
 388              	.LCFI38:
 389              	 .cfi_def_cfa_offset 8
 390              	 .cfi_offset 7,-8
 391              	 .cfi_offset 14,-4
 392 0002 84B0     	 sub sp,sp,#16
 393              	.LCFI39:
 394              	 .cfi_def_cfa_offset 24
 395 0004 00AF     	 add r7,sp,#0
 396              	.LCFI40:
 397              	 .cfi_def_cfa_register 7
 398 0006 7860     	 str r0,[r7,#4]
 399 0008 3960     	 str r1,[r7]
 185:../Libraries/XMCLib/src/xmc_dsd.c ****   XMC_DSD_STATUS_t status;
 186:../Libraries/XMCLib/src/xmc_dsd.c **** 
 187:../Libraries/XMCLib/src/xmc_dsd.c ****   XMC_ASSERT("XMC_DSD_CH_Init:Invalid module pointer", XMC_DSD_CHECK_CHANNEL_PTR(channel));
 188:../Libraries/XMCLib/src/xmc_dsd.c ****   XMC_ASSERT("XMC_DSD_CH_Init:NULL Pointer", (config != (XMC_DSD_CH_CONFIG_t *)NULL) );
 189:../Libraries/XMCLib/src/xmc_dsd.c **** 
 190:../Libraries/XMCLib/src/xmc_dsd.c ****   if (config->filter != (XMC_DSD_CH_FILTER_CONFIG_t *)NULL)
 400              	 .loc 1 190 13
 401 000a 3B68     	 ldr r3,[r7]
 402 000c 1B68     	 ldr r3,[r3]
 403              	 .loc 1 190 6
 404 000e 002B     	 cmp r3,#0
 405 0010 30D0     	 beq .L12
 191:../Libraries/XMCLib/src/xmc_dsd.c ****   {
 192:../Libraries/XMCLib/src/xmc_dsd.c ****     XMC_DSD_CH_MainFilter_Init(channel, config->filter);
 406              	 .loc 1 192 47
 407 0012 3B68     	 ldr r3,[r7]
 408 0014 1B68     	 ldr r3,[r3]
 409              	 .loc 1 192 5
 410 0016 1946     	 mov r1,r3
 411 0018 7868     	 ldr r0,[r7,#4]
 412 001a FFF7FEFF 	 bl XMC_DSD_CH_MainFilter_Init
 193:../Libraries/XMCLib/src/xmc_dsd.c **** 
 194:../Libraries/XMCLib/src/xmc_dsd.c ****     if (config->aux != (XMC_DSD_CH_AUX_FILTER_CONFIG_t *)NULL)
 413              	 .loc 1 194 15
 414 001e 3B68     	 ldr r3,[r7]
 415 0020 DB68     	 ldr r3,[r3,#12]
 416              	 .loc 1 194 8
 417 0022 002B     	 cmp r3,#0
 418 0024 05D0     	 beq .L13
 195:../Libraries/XMCLib/src/xmc_dsd.c ****     {
 196:../Libraries/XMCLib/src/xmc_dsd.c ****       XMC_DSD_CH_AuxFilter_Init(channel, config->aux);
 419              	 .loc 1 196 48
 420 0026 3B68     	 ldr r3,[r7]
 421 0028 DB68     	 ldr r3,[r3,#12]
 422              	 .loc 1 196 7
 423 002a 1946     	 mov r1,r3
 424 002c 7868     	 ldr r0,[r7,#4]
 425 002e FFF7FEFF 	 bl XMC_DSD_CH_AuxFilter_Init
 426              	.L13:
 197:../Libraries/XMCLib/src/xmc_dsd.c ****     }
 198:../Libraries/XMCLib/src/xmc_dsd.c ****     if (config->integrator != (XMC_DSD_CH_INTEGRATOR_CONFIG_t *)NULL)
 427              	 .loc 1 198 15
 428 0032 3B68     	 ldr r3,[r7]
 429 0034 5B68     	 ldr r3,[r3,#4]
 430              	 .loc 1 198 8
 431 0036 002B     	 cmp r3,#0
 432 0038 05D0     	 beq .L14
 199:../Libraries/XMCLib/src/xmc_dsd.c ****     {
 200:../Libraries/XMCLib/src/xmc_dsd.c ****       XMC_DSD_CH_Integrator_Init(channel, config->integrator);
 433              	 .loc 1 200 49
 434 003a 3B68     	 ldr r3,[r7]
 435 003c 5B68     	 ldr r3,[r3,#4]
 436              	 .loc 1 200 7
 437 003e 1946     	 mov r1,r3
 438 0040 7868     	 ldr r0,[r7,#4]
 439 0042 FFF7FEFF 	 bl XMC_DSD_CH_Integrator_Init
 440              	.L14:
 201:../Libraries/XMCLib/src/xmc_dsd.c ****     }
 202:../Libraries/XMCLib/src/xmc_dsd.c ****     if (config->rectify != (XMC_DSD_CH_RECTIFY_CONFIG_t *)NULL)
 441              	 .loc 1 202 15
 442 0046 3B68     	 ldr r3,[r7]
 443 0048 1B69     	 ldr r3,[r3,#16]
 444              	 .loc 1 202 8
 445 004a 002B     	 cmp r3,#0
 446 004c 05D0     	 beq .L15
 203:../Libraries/XMCLib/src/xmc_dsd.c ****     {
 204:../Libraries/XMCLib/src/xmc_dsd.c ****       XMC_DSD_CH_Rectify_Init(channel, config->rectify);
 447              	 .loc 1 204 46
 448 004e 3B68     	 ldr r3,[r7]
 449 0050 1B69     	 ldr r3,[r3,#16]
 450              	 .loc 1 204 7
 451 0052 1946     	 mov r1,r3
 452 0054 7868     	 ldr r0,[r7,#4]
 453 0056 FFF7FEFF 	 bl XMC_DSD_CH_Rectify_Init
 454              	.L15:
 205:../Libraries/XMCLib/src/xmc_dsd.c ****     }
 206:../Libraries/XMCLib/src/xmc_dsd.c ****     if (config->timestamp != (XMC_DSD_CH_TIMESTAMP_CONFIG_t *)NULL)
 455              	 .loc 1 206 15
 456 005a 3B68     	 ldr r3,[r7]
 457 005c 9B68     	 ldr r3,[r3,#8]
 458              	 .loc 1 206 8
 459 005e 002B     	 cmp r3,#0
 460 0060 05D0     	 beq .L16
 207:../Libraries/XMCLib/src/xmc_dsd.c ****     {
 208:../Libraries/XMCLib/src/xmc_dsd.c ****       XMC_DSD_CH_Timestamp_Init(channel, config->timestamp);
 461              	 .loc 1 208 48
 462 0062 3B68     	 ldr r3,[r7]
 463 0064 9B68     	 ldr r3,[r3,#8]
 464              	 .loc 1 208 7
 465 0066 1946     	 mov r1,r3
 466 0068 7868     	 ldr r0,[r7,#4]
 467 006a FFF7FEFF 	 bl XMC_DSD_CH_Timestamp_Init
 468              	.L16:
 209:../Libraries/XMCLib/src/xmc_dsd.c ****     }
 210:../Libraries/XMCLib/src/xmc_dsd.c ****     status =  XMC_DSD_STATUS_OK;
 469              	 .loc 1 210 12
 470 006e 0023     	 movs r3,#0
 471 0070 FB73     	 strb r3,[r7,#15]
 472 0072 01E0     	 b .L17
 473              	.L12:
 211:../Libraries/XMCLib/src/xmc_dsd.c ****   }
 212:../Libraries/XMCLib/src/xmc_dsd.c ****   else
 213:../Libraries/XMCLib/src/xmc_dsd.c ****   {
 214:../Libraries/XMCLib/src/xmc_dsd.c ****     status =  XMC_DSD_STATUS_ERROR;
 474              	 .loc 1 214 12
 475 0074 0123     	 movs r3,#1
 476 0076 FB73     	 strb r3,[r7,#15]
 477              	.L17:
 215:../Libraries/XMCLib/src/xmc_dsd.c ****   }
 216:../Libraries/XMCLib/src/xmc_dsd.c ****   return (status);
 478              	 .loc 1 216 10
 479 0078 FB7B     	 ldrb r3,[r7,#15]
 217:../Libraries/XMCLib/src/xmc_dsd.c **** 
 218:../Libraries/XMCLib/src/xmc_dsd.c **** }
 480              	 .loc 1 218 1
 481 007a 1846     	 mov r0,r3
 482 007c 1037     	 adds r7,r7,#16
 483              	.LCFI41:
 484              	 .cfi_def_cfa_offset 8
 485 007e BD46     	 mov sp,r7
 486              	.LCFI42:
 487              	 .cfi_def_cfa_register 13
 488              	 
 489 0080 80BD     	 pop {r7,pc}
 490              	 .cfi_endproc
 491              	.LFE196:
 493              	 .section .text.XMC_DSD_CH_MainFilter_Init,"ax",%progbits
 494              	 .align 1
 495              	 .global XMC_DSD_CH_MainFilter_Init
 496              	 .syntax unified
 497              	 .thumb
 498              	 .thumb_func
 499              	 .fpu fpv4-sp-d16
 501              	XMC_DSD_CH_MainFilter_Init:
 502              	.LFB197:
 219:../Libraries/XMCLib/src/xmc_dsd.c **** 
 220:../Libraries/XMCLib/src/xmc_dsd.c **** /* Initialize main filter of DSD */
 221:../Libraries/XMCLib/src/xmc_dsd.c **** void XMC_DSD_CH_MainFilter_Init(XMC_DSD_CH_t *const channel, const XMC_DSD_CH_FILTER_CONFIG_t *cons
 222:../Libraries/XMCLib/src/xmc_dsd.c **** {
 503              	 .loc 1 222 1
 504              	 .cfi_startproc
 505              	 
 506              	 
 507              	 
 508 0000 80B4     	 push {r7}
 509              	.LCFI43:
 510              	 .cfi_def_cfa_offset 4
 511              	 .cfi_offset 7,-4
 512 0002 85B0     	 sub sp,sp,#20
 513              	.LCFI44:
 514              	 .cfi_def_cfa_offset 24
 515 0004 00AF     	 add r7,sp,#0
 516              	.LCFI45:
 517              	 .cfi_def_cfa_register 7
 518 0006 7860     	 str r0,[r7,#4]
 519 0008 3960     	 str r1,[r7]
 223:../Libraries/XMCLib/src/xmc_dsd.c ****   uint32_t decimation_factor_temp;
 224:../Libraries/XMCLib/src/xmc_dsd.c ****   uint32_t filter_start_value_temp;
 225:../Libraries/XMCLib/src/xmc_dsd.c **** 
 226:../Libraries/XMCLib/src/xmc_dsd.c ****   XMC_ASSERT("XMC_DSD_MAIN_FILTER_Init:Invalid module pointer", XMC_DSD_CHECK_CHANNEL_PTR(channel))
 227:../Libraries/XMCLib/src/xmc_dsd.c ****   XMC_ASSERT("XMC_DSD_MAIN_FILTER_Init:NULL Pointer", (config != (XMC_DSD_CH_FILTER_CONFIG_t *)NULL
 228:../Libraries/XMCLib/src/xmc_dsd.c ****   XMC_ASSERT("XMC_DSD_MAIN_FILTER_Init:Invalid Filter Start Value", (config->filter_start_value >= 
 229:../Libraries/XMCLib/src/xmc_dsd.c ****   XMC_ASSERT("XMC_DSD_MAIN_FILTER_Init:Invalid Filter Start Value", (config->filter_start_value <= 
 230:../Libraries/XMCLib/src/xmc_dsd.c ****   XMC_ASSERT("XMC_DSD_MAIN_FILTER_Init:Invalid Decimation Factor",
 231:../Libraries/XMCLib/src/xmc_dsd.c ****              ((config->decimation_factor >= XMC_DSD_MIN_DECIMATION_FACTOR) && (config->decimation_f
 232:../Libraries/XMCLib/src/xmc_dsd.c **** 
 233:../Libraries/XMCLib/src/xmc_dsd.c ****   /*Set Channel frequency*/
 234:../Libraries/XMCLib/src/xmc_dsd.c ****   channel->MODCFG = ((uint32_t)config->clock_divider << DSD_CH_MODCFG_DIVM_Pos) | (uint32_t)DSD_CH_
 520              	 .loc 1 234 38
 521 000a 3B68     	 ldr r3,[r7]
 522 000c 1B78     	 ldrb r3,[r3]
 523 000e C3F30303 	 ubfx r3,r3,#0,#4
 524 0012 DBB2     	 uxtb r3,r3
 525              	 .loc 1 234 54
 526 0014 1B04     	 lsls r3,r3,#16
 527              	 .loc 1 234 81
 528 0016 43F40002 	 orr r2,r3,#8388608
 529              	 .loc 1 234 19
 530 001a 7B68     	 ldr r3,[r7,#4]
 531 001c 1A60     	 str r2,[r3]
 235:../Libraries/XMCLib/src/xmc_dsd.c **** 
 236:../Libraries/XMCLib/src/xmc_dsd.c ****   /* Input Data/Clk */
 237:../Libraries/XMCLib/src/xmc_dsd.c ****   channel->DICFG = config->demodulator_conf | (uint32_t)DSD_CH_DICFG_DSWC_Msk | (uint32_t)DSD_CH_DI
 532              	 .loc 1 237 26
 533 001e 3B68     	 ldr r3,[r7]
 534 0020 5B68     	 ldr r3,[r3,#4]
 535              	 .loc 1 237 79
 536 0022 43F00043 	 orr r3,r3,#-2147483648
 537 0026 43F08003 	 orr r3,r3,#128
 538              	 .loc 1 237 18
 539 002a 7A68     	 ldr r2,[r7,#4]
 540 002c 9360     	 str r3,[r2,#8]
 238:../Libraries/XMCLib/src/xmc_dsd.c **** 
 239:../Libraries/XMCLib/src/xmc_dsd.c ****   /*The decimation factor of the Main CIC filter is CFMDF + 1.*/
 240:../Libraries/XMCLib/src/xmc_dsd.c ****   decimation_factor_temp = config->decimation_factor - 1U;
 541              	 .loc 1 240 34
 542 002e 3B68     	 ldr r3,[r7]
 543 0030 DB68     	 ldr r3,[r3,#12]
 544              	 .loc 1 240 26
 545 0032 013B     	 subs r3,r3,#1
 546 0034 FB60     	 str r3,[r7,#12]
 241:../Libraries/XMCLib/src/xmc_dsd.c ****   filter_start_value_temp = config->filter_start_value - 1U;
 547              	 .loc 1 241 35
 548 0036 3B68     	 ldr r3,[r7]
 549 0038 1B69     	 ldr r3,[r3,#16]
 550              	 .loc 1 241 27
 551 003a 013B     	 subs r3,r3,#1
 552 003c BB60     	 str r3,[r7,#8]
 242:../Libraries/XMCLib/src/xmc_dsd.c **** 
 243:../Libraries/XMCLib/src/xmc_dsd.c ****   /* Filter setup*/
 244:../Libraries/XMCLib/src/xmc_dsd.c ****   channel->FCFGC = (decimation_factor_temp |
 245:../Libraries/XMCLib/src/xmc_dsd.c ****                     (filter_start_value_temp << (uint32_t)DSD_CH_FCFGC_CFMSV_Pos) |
 553              	 .loc 1 245 46
 554 003e BB68     	 ldr r3,[r7,#8]
 555 0040 1A04     	 lsls r2,r3,#16
 244:../Libraries/XMCLib/src/xmc_dsd.c ****                     (filter_start_value_temp << (uint32_t)DSD_CH_FCFGC_CFMSV_Pos) |
 556              	 .loc 1 244 44
 557 0042 FB68     	 ldr r3,[r7,#12]
 558 0044 1A43     	 orrs r2,r2,r3
 246:../Libraries/XMCLib/src/xmc_dsd.c ****                     config->main_filter_conf |
 559              	 .loc 1 246 27
 560 0046 3B68     	 ldr r3,[r7]
 561 0048 9B68     	 ldr r3,[r3,#8]
 245:../Libraries/XMCLib/src/xmc_dsd.c ****                     config->main_filter_conf |
 562              	 .loc 1 245 83
 563 004a 1343     	 orrs r3,r3,r2
 564              	 .loc 1 246 46
 565 004c 43F48062 	 orr r2,r3,#1024
 244:../Libraries/XMCLib/src/xmc_dsd.c ****                     (filter_start_value_temp << (uint32_t)DSD_CH_FCFGC_CFMSV_Pos) |
 566              	 .loc 1 244 18
 567 0050 7B68     	 ldr r3,[r7,#4]
 568 0052 5A61     	 str r2,[r3,#20]
 247:../Libraries/XMCLib/src/xmc_dsd.c ****                     (uint32_t)DSD_CH_FCFGC_CFEN_Msk);
 248:../Libraries/XMCLib/src/xmc_dsd.c **** 
 249:../Libraries/XMCLib/src/xmc_dsd.c ****   /* Offset */
 250:../Libraries/XMCLib/src/xmc_dsd.c ****   channel->OFFM = (uint16_t)config->offset;
 569              	 .loc 1 250 35
 570 0054 3B68     	 ldr r3,[r7]
 571 0056 B3F90230 	 ldrsh r3,[r3,#2]
 572              	 .loc 1 250 19
 573 005a 9BB2     	 uxth r3,r3
 574 005c 1A46     	 mov r2,r3
 575              	 .loc 1 250 17
 576 005e 7B68     	 ldr r3,[r7,#4]
 577 0060 9A63     	 str r2,[r3,#56]
 251:../Libraries/XMCLib/src/xmc_dsd.c **** }
 578              	 .loc 1 251 1
 579 0062 00BF     	 nop
 580 0064 1437     	 adds r7,r7,#20
 581              	.LCFI46:
 582              	 .cfi_def_cfa_offset 4
 583 0066 BD46     	 mov sp,r7
 584              	.LCFI47:
 585              	 .cfi_def_cfa_register 13
 586              	 
 587 0068 5DF8047B 	 ldr r7,[sp],#4
 588              	.LCFI48:
 589              	 .cfi_restore 7
 590              	 .cfi_def_cfa_offset 0
 591 006c 7047     	 bx lr
 592              	 .cfi_endproc
 593              	.LFE197:
 595              	 .section .text.XMC_DSD_CH_Timestamp_Init,"ax",%progbits
 596              	 .align 1
 597              	 .global XMC_DSD_CH_Timestamp_Init
 598              	 .syntax unified
 599              	 .thumb
 600              	 .thumb_func
 601              	 .fpu fpv4-sp-d16
 603              	XMC_DSD_CH_Timestamp_Init:
 604              	.LFB198:
 252:../Libraries/XMCLib/src/xmc_dsd.c **** 
 253:../Libraries/XMCLib/src/xmc_dsd.c **** /* Initialize timestamp mode of DSD */
 254:../Libraries/XMCLib/src/xmc_dsd.c **** void XMC_DSD_CH_Timestamp_Init(XMC_DSD_CH_t *const channel, const XMC_DSD_CH_TIMESTAMP_CONFIG_t *co
 255:../Libraries/XMCLib/src/xmc_dsd.c **** {
 605              	 .loc 1 255 1
 606              	 .cfi_startproc
 607              	 
 608              	 
 609              	 
 610 0000 80B4     	 push {r7}
 611              	.LCFI49:
 612              	 .cfi_def_cfa_offset 4
 613              	 .cfi_offset 7,-4
 614 0002 85B0     	 sub sp,sp,#20
 615              	.LCFI50:
 616              	 .cfi_def_cfa_offset 24
 617 0004 00AF     	 add r7,sp,#0
 618              	.LCFI51:
 619              	 .cfi_def_cfa_register 7
 620 0006 7860     	 str r0,[r7,#4]
 621 0008 3960     	 str r1,[r7]
 256:../Libraries/XMCLib/src/xmc_dsd.c ****   uint32_t temp;
 257:../Libraries/XMCLib/src/xmc_dsd.c ****   XMC_ASSERT("XMC_DSD_MAIN_FILTER_Init:Invalid module pointer", XMC_DSD_CHECK_CHANNEL_PTR(channel))
 258:../Libraries/XMCLib/src/xmc_dsd.c ****   XMC_ASSERT("XMC_DSD_MAIN_FILTER_Init:NULL Pointer", (config != (XMC_DSD_CH_TIMESTAMP_CONFIG_t *)N
 259:../Libraries/XMCLib/src/xmc_dsd.c **** 
 260:../Libraries/XMCLib/src/xmc_dsd.c ****   temp = (channel->DICFG | (uint32_t)DSD_CH_DICFG_TRWC_Msk);
 622              	 .loc 1 260 18
 623 000a 7B68     	 ldr r3,[r7,#4]
 624 000c 9B68     	 ldr r3,[r3,#8]
 625              	 .loc 1 260 8
 626 000e 43F40043 	 orr r3,r3,#32768
 627 0012 FB60     	 str r3,[r7,#12]
 261:../Libraries/XMCLib/src/xmc_dsd.c ****   temp &= ~((uint32_t)DSD_CH_DICFG_TSTRMODE_Msk | (uint32_t)DSD_CH_DICFG_TRSEL_Msk);
 628              	 .loc 1 261 8
 629 0014 FB68     	 ldr r3,[r7,#12]
 630 0016 23F4F843 	 bic r3,r3,#31744
 631 001a FB60     	 str r3,[r7,#12]
 262:../Libraries/XMCLib/src/xmc_dsd.c ****   temp |= config->timestamp_conf;
 632              	 .loc 1 262 17
 633 001c 3B68     	 ldr r3,[r7]
 634 001e 1B68     	 ldr r3,[r3]
 635              	 .loc 1 262 8
 636 0020 FA68     	 ldr r2,[r7,#12]
 637 0022 1343     	 orrs r3,r3,r2
 638 0024 FB60     	 str r3,[r7,#12]
 263:../Libraries/XMCLib/src/xmc_dsd.c ****   channel->DICFG = temp;
 639              	 .loc 1 263 18
 640 0026 7B68     	 ldr r3,[r7,#4]
 641 0028 FA68     	 ldr r2,[r7,#12]
 642 002a 9A60     	 str r2,[r3,#8]
 264:../Libraries/XMCLib/src/xmc_dsd.c **** }
 643              	 .loc 1 264 1
 644 002c 00BF     	 nop
 645 002e 1437     	 adds r7,r7,#20
 646              	.LCFI52:
 647              	 .cfi_def_cfa_offset 4
 648 0030 BD46     	 mov sp,r7
 649              	.LCFI53:
 650              	 .cfi_def_cfa_register 13
 651              	 
 652 0032 5DF8047B 	 ldr r7,[sp],#4
 653              	.LCFI54:
 654              	 .cfi_restore 7
 655              	 .cfi_def_cfa_offset 0
 656 0036 7047     	 bx lr
 657              	 .cfi_endproc
 658              	.LFE198:
 660              	 .section .text.XMC_DSD_CH_AuxFilter_Init,"ax",%progbits
 661              	 .align 1
 662              	 .global XMC_DSD_CH_AuxFilter_Init
 663              	 .syntax unified
 664              	 .thumb
 665              	 .thumb_func
 666              	 .fpu fpv4-sp-d16
 668              	XMC_DSD_CH_AuxFilter_Init:
 669              	.LFB199:
 265:../Libraries/XMCLib/src/xmc_dsd.c **** 
 266:../Libraries/XMCLib/src/xmc_dsd.c **** /* Initialize auxiliary filter of DSD */
 267:../Libraries/XMCLib/src/xmc_dsd.c **** void XMC_DSD_CH_AuxFilter_Init(XMC_DSD_CH_t *const channel, const XMC_DSD_CH_AUX_FILTER_CONFIG_t *c
 268:../Libraries/XMCLib/src/xmc_dsd.c **** {
 670              	 .loc 1 268 1
 671              	 .cfi_startproc
 672              	 
 673              	 
 674              	 
 675 0000 80B4     	 push {r7}
 676              	.LCFI55:
 677              	 .cfi_def_cfa_offset 4
 678              	 .cfi_offset 7,-4
 679 0002 85B0     	 sub sp,sp,#20
 680              	.LCFI56:
 681              	 .cfi_def_cfa_offset 24
 682 0004 00AF     	 add r7,sp,#0
 683              	.LCFI57:
 684              	 .cfi_def_cfa_register 7
 685 0006 7860     	 str r0,[r7,#4]
 686 0008 3960     	 str r1,[r7]
 269:../Libraries/XMCLib/src/xmc_dsd.c ****   uint32_t decimation_factor_temp;
 270:../Libraries/XMCLib/src/xmc_dsd.c **** 
 271:../Libraries/XMCLib/src/xmc_dsd.c ****   XMC_ASSERT("XMC_DSD_AUX_FILTER_Init:Invalid module pointer", XMC_DSD_CHECK_CHANNEL_PTR(channel));
 272:../Libraries/XMCLib/src/xmc_dsd.c ****   XMC_ASSERT("XMC_DSD_AUX_FILTER_Init:NULL Pointer", (config != (XMC_DSD_CH_AUX_FILTER_CONFIG_t *)N
 273:../Libraries/XMCLib/src/xmc_dsd.c ****   XMC_ASSERT("XMC_DSD_AUX_FILTER_Init:Invalid Decimation Factor",
 274:../Libraries/XMCLib/src/xmc_dsd.c ****              ((config->decimation_factor >= XMC_DSD_MIN_DECIMATION_FACTOR) && (config->decimation_f
 275:../Libraries/XMCLib/src/xmc_dsd.c **** 
 276:../Libraries/XMCLib/src/xmc_dsd.c ****   channel->BOUNDSEL = config->boundary_conf;
 687              	 .loc 1 276 29
 688 000a 3B68     	 ldr r3,[r7]
 689 000c 5A68     	 ldr r2,[r3,#4]
 690              	 .loc 1 276 21
 691 000e 7B68     	 ldr r3,[r7,#4]
 692 0010 9A62     	 str r2,[r3,#40]
 277:../Libraries/XMCLib/src/xmc_dsd.c ****   /*The decimation factor of the Aux CIC filter is CFMDF + 1.*/
 278:../Libraries/XMCLib/src/xmc_dsd.c ****   decimation_factor_temp = config->decimation_factor - 1U;
 693              	 .loc 1 278 34
 694 0012 3B68     	 ldr r3,[r7]
 695 0014 9B68     	 ldr r3,[r3,#8]
 696              	 .loc 1 278 26
 697 0016 013B     	 subs r3,r3,#1
 698 0018 FB60     	 str r3,[r7,#12]
 279:../Libraries/XMCLib/src/xmc_dsd.c ****   channel->FCFGA = (decimation_factor_temp | config->aux_filter_conf);
 699              	 .loc 1 279 52
 700 001a 3B68     	 ldr r3,[r7]
 701 001c 1A68     	 ldr r2,[r3]
 702              	 .loc 1 279 44
 703 001e FB68     	 ldr r3,[r7,#12]
 704 0020 1A43     	 orrs r2,r2,r3
 705              	 .loc 1 279 18
 706 0022 7B68     	 ldr r3,[r7,#4]
 707 0024 9A61     	 str r2,[r3,#24]
 280:../Libraries/XMCLib/src/xmc_dsd.c **** }
 708              	 .loc 1 280 1
 709 0026 00BF     	 nop
 710 0028 1437     	 adds r7,r7,#20
 711              	.LCFI58:
 712              	 .cfi_def_cfa_offset 4
 713 002a BD46     	 mov sp,r7
 714              	.LCFI59:
 715              	 .cfi_def_cfa_register 13
 716              	 
 717 002c 5DF8047B 	 ldr r7,[sp],#4
 718              	.LCFI60:
 719              	 .cfi_restore 7
 720              	 .cfi_def_cfa_offset 0
 721 0030 7047     	 bx lr
 722              	 .cfi_endproc
 723              	.LFE199:
 725              	 .section .text.XMC_DSD_CH_Integrator_Init,"ax",%progbits
 726              	 .align 1
 727              	 .global XMC_DSD_CH_Integrator_Init
 728              	 .syntax unified
 729              	 .thumb
 730              	 .thumb_func
 731              	 .fpu fpv4-sp-d16
 733              	XMC_DSD_CH_Integrator_Init:
 734              	.LFB200:
 281:../Libraries/XMCLib/src/xmc_dsd.c **** 
 282:../Libraries/XMCLib/src/xmc_dsd.c **** /* Integrator initialization of DSD */
 283:../Libraries/XMCLib/src/xmc_dsd.c **** void XMC_DSD_CH_Integrator_Init(XMC_DSD_CH_t *const channel, const XMC_DSD_CH_INTEGRATOR_CONFIG_t *
 284:../Libraries/XMCLib/src/xmc_dsd.c **** {
 735              	 .loc 1 284 1
 736              	 .cfi_startproc
 737              	 
 738              	 
 739              	 
 740 0000 80B4     	 push {r7}
 741              	.LCFI61:
 742              	 .cfi_def_cfa_offset 4
 743              	 .cfi_offset 7,-4
 744 0002 85B0     	 sub sp,sp,#20
 745              	.LCFI62:
 746              	 .cfi_def_cfa_offset 24
 747 0004 00AF     	 add r7,sp,#0
 748              	.LCFI63:
 749              	 .cfi_def_cfa_register 7
 750 0006 7860     	 str r0,[r7,#4]
 751 0008 3960     	 str r1,[r7]
 285:../Libraries/XMCLib/src/xmc_dsd.c ****   uint32_t temp;
 286:../Libraries/XMCLib/src/xmc_dsd.c ****   XMC_ASSERT("XMC_DSD_INTEGRATOR_Init:Invalid module pointer", XMC_DSD_CHECK_CHANNEL_PTR(channel));
 287:../Libraries/XMCLib/src/xmc_dsd.c ****   XMC_ASSERT("XMC_DSD_INTEGRATOR_Init:NULL Pointer", (config != (XMC_DSD_CH_INTEGRATOR_CONFIG_t *)N
 288:../Libraries/XMCLib/src/xmc_dsd.c ****   XMC_ASSERT("XMC_DSD_INTEGRATOR_Init:Invalid integration_loop", (config->integration_loop > 0U ));
 289:../Libraries/XMCLib/src/xmc_dsd.c ****   XMC_ASSERT("XMC_DSD_INTEGRATOR_Init:Invalid counted_values", (config->counted_values > 0U ));
 290:../Libraries/XMCLib/src/xmc_dsd.c **** 
 291:../Libraries/XMCLib/src/xmc_dsd.c ****   channel->IWCTR = ((config->integration_loop - 1U) << DSD_CH_IWCTR_REPVAL_Pos)
 752              	 .loc 1 291 28
 753 000a 3B68     	 ldr r3,[r7]
 754 000c 5B68     	 ldr r3,[r3,#4]
 755              	 .loc 1 291 47
 756 000e 013B     	 subs r3,r3,#1
 757              	 .loc 1 291 53
 758 0010 1A03     	 lsls r2,r3,#12
 292:../Libraries/XMCLib/src/xmc_dsd.c ****                    | (config->discarded_values << DSD_CH_IWCTR_NVALDIS_Pos)
 759              	 .loc 1 292 29
 760 0012 3B68     	 ldr r3,[r7]
 761 0014 9B68     	 ldr r3,[r3,#8]
 762              	 .loc 1 292 48
 763 0016 1B04     	 lsls r3,r3,#16
 764              	 .loc 1 292 20
 765 0018 1A43     	 orrs r2,r2,r3
 293:../Libraries/XMCLib/src/xmc_dsd.c ****                    | (config->stop_condition << DSD_CH_IWCTR_IWS_Pos)
 766              	 .loc 1 293 29
 767 001a 3B68     	 ldr r3,[r7]
 768 001c DB68     	 ldr r3,[r3,#12]
 769              	 .loc 1 293 46
 770 001e DB05     	 lsls r3,r3,#23
 771              	 .loc 1 293 20
 772 0020 1A43     	 orrs r2,r2,r3
 294:../Libraries/XMCLib/src/xmc_dsd.c ****                    | ((config->counted_values - 1U) << DSD_CH_IWCTR_NVALINT_Pos);
 773              	 .loc 1 294 30
 774 0022 3B68     	 ldr r3,[r7]
 775 0024 1B69     	 ldr r3,[r3,#16]
 776              	 .loc 1 294 47
 777 0026 013B     	 subs r3,r3,#1
 778              	 .loc 1 294 53
 779 0028 1B06     	 lsls r3,r3,#24
 780              	 .loc 1 294 20
 781 002a 1A43     	 orrs r2,r2,r3
 291:../Libraries/XMCLib/src/xmc_dsd.c ****                    | (config->discarded_values << DSD_CH_IWCTR_NVALDIS_Pos)
 782              	 .loc 1 291 18
 783 002c 7B68     	 ldr r3,[r7,#4]
 784 002e 1A62     	 str r2,[r3,#32]
 295:../Libraries/XMCLib/src/xmc_dsd.c **** 
 296:../Libraries/XMCLib/src/xmc_dsd.c ****   /*To ensure proper operation, ensure that bit field ITRMODE is zero before selecting any other tr
 297:../Libraries/XMCLib/src/xmc_dsd.c ****   temp = (channel->DICFG & ~((uint32_t)DSD_CH_DICFG_ITRMODE_Msk | (uint32_t)DSD_CH_DICFG_TRSEL_Msk)
 785              	 .loc 1 297 18
 786 0030 7B68     	 ldr r3,[r7,#4]
 787 0032 9B68     	 ldr r3,[r3,#8]
 788              	 .loc 1 297 102
 789 0034 23F47343 	 bic r3,r3,#62208
 790              	 .loc 1 297 8
 791 0038 43F40043 	 orr r3,r3,#32768
 792 003c FB60     	 str r3,[r7,#12]
 298:../Libraries/XMCLib/src/xmc_dsd.c **** 
 299:../Libraries/XMCLib/src/xmc_dsd.c ****   channel->DICFG = temp;
 793              	 .loc 1 299 18
 794 003e 7B68     	 ldr r3,[r7,#4]
 795 0040 FA68     	 ldr r2,[r7,#12]
 796 0042 9A60     	 str r2,[r3,#8]
 300:../Libraries/XMCLib/src/xmc_dsd.c **** 
 301:../Libraries/XMCLib/src/xmc_dsd.c ****   temp |=  config->integrator_trigger;
 797              	 .loc 1 301 18
 798 0044 3B68     	 ldr r3,[r7]
 799 0046 1B68     	 ldr r3,[r3]
 800              	 .loc 1 301 8
 801 0048 FA68     	 ldr r2,[r7,#12]
 802 004a 1343     	 orrs r3,r3,r2
 803 004c FB60     	 str r3,[r7,#12]
 302:../Libraries/XMCLib/src/xmc_dsd.c ****   channel->DICFG = temp;
 804              	 .loc 1 302 18
 805 004e 7B68     	 ldr r3,[r7,#4]
 806 0050 FA68     	 ldr r2,[r7,#12]
 807 0052 9A60     	 str r2,[r3,#8]
 303:../Libraries/XMCLib/src/xmc_dsd.c **** }
 808              	 .loc 1 303 1
 809 0054 00BF     	 nop
 810 0056 1437     	 adds r7,r7,#20
 811              	.LCFI64:
 812              	 .cfi_def_cfa_offset 4
 813 0058 BD46     	 mov sp,r7
 814              	.LCFI65:
 815              	 .cfi_def_cfa_register 13
 816              	 
 817 005a 5DF8047B 	 ldr r7,[sp],#4
 818              	.LCFI66:
 819              	 .cfi_restore 7
 820              	 .cfi_def_cfa_offset 0
 821 005e 7047     	 bx lr
 822              	 .cfi_endproc
 823              	.LFE200:
 825              	 .section .text.XMC_DSD_CH_Rectify_Init,"ax",%progbits
 826              	 .align 1
 827              	 .global XMC_DSD_CH_Rectify_Init
 828              	 .syntax unified
 829              	 .thumb
 830              	 .thumb_func
 831              	 .fpu fpv4-sp-d16
 833              	XMC_DSD_CH_Rectify_Init:
 834              	.LFB201:
 304:../Libraries/XMCLib/src/xmc_dsd.c **** 
 305:../Libraries/XMCLib/src/xmc_dsd.c **** /* Rectifier initialization of DSD */
 306:../Libraries/XMCLib/src/xmc_dsd.c **** void XMC_DSD_CH_Rectify_Init(XMC_DSD_CH_t *const channel, const XMC_DSD_CH_RECTIFY_CONFIG_t *const 
 307:../Libraries/XMCLib/src/xmc_dsd.c **** {
 835              	 .loc 1 307 1
 836              	 .cfi_startproc
 837              	 
 838              	 
 839              	 
 840 0000 80B4     	 push {r7}
 841              	.LCFI67:
 842              	 .cfi_def_cfa_offset 4
 843              	 .cfi_offset 7,-4
 844 0002 83B0     	 sub sp,sp,#12
 845              	.LCFI68:
 846              	 .cfi_def_cfa_offset 16
 847 0004 00AF     	 add r7,sp,#0
 848              	.LCFI69:
 849              	 .cfi_def_cfa_register 7
 850 0006 7860     	 str r0,[r7,#4]
 851 0008 3960     	 str r1,[r7]
 308:../Libraries/XMCLib/src/xmc_dsd.c ****   XMC_ASSERT("XMC_DSD_RECTIFY_Init:Invalid module pointer", XMC_DSD_CHECK_CHANNEL_PTR(channel));
 309:../Libraries/XMCLib/src/xmc_dsd.c ****   XMC_ASSERT("XMC_DSD_RECTIFY_Init:NULL Pointer", (config != (XMC_DSD_CH_RECTIFY_CONFIG_t *)NULL));
 310:../Libraries/XMCLib/src/xmc_dsd.c ****   XMC_ASSERT("XMC_DSD_RECTIFY_Init:NULL Pointer", (((uint16_t)config->delay + (uint16_t)config->hal
 311:../Libraries/XMCLib/src/xmc_dsd.c **** 
 312:../Libraries/XMCLib/src/xmc_dsd.c ****   channel->RECTCFG = config->rectify_config | (uint32_t)DSD_CH_RECTCFG_RFEN_Msk;
 852              	 .loc 1 312 28
 853 000a 3B68     	 ldr r3,[r7]
 854 000c 1B68     	 ldr r3,[r3]
 855              	 .loc 1 312 45
 856 000e 43F00102 	 orr r2,r3,#1
 857              	 .loc 1 312 20
 858 0012 7B68     	 ldr r3,[r7,#4]
 859 0014 C3F8A820 	 str r2,[r3,#168]
 313:../Libraries/XMCLib/src/xmc_dsd.c ****   channel->CGSYNC = (((uint32_t) config->delay << (uint32_t)DSD_CH_CGSYNC_SDPOS_Pos)
 860              	 .loc 1 313 40
 861 0018 3B68     	 ldr r3,[r7]
 862 001a 1B79     	 ldrb r3,[r3,#4]
 863              	 .loc 1 313 48
 864 001c 1A04     	 lsls r2,r3,#16
 314:../Libraries/XMCLib/src/xmc_dsd.c ****                      | (((uint32_t)config->delay + (uint32_t)config->half_cycle) << (uint32_t)DSD_C
 865              	 .loc 1 314 42
 866 001e 3B68     	 ldr r3,[r7]
 867 0020 1B79     	 ldrb r3,[r3,#4]
 868              	 .loc 1 314 26
 869 0022 1946     	 mov r1,r3
 870              	 .loc 1 314 68
 871 0024 3B68     	 ldr r3,[r7]
 872 0026 5B79     	 ldrb r3,[r3,#5]
 873              	 .loc 1 314 50
 874 0028 0B44     	 add r3,r3,r1
 875              	 .loc 1 314 82
 876 002a 1B06     	 lsls r3,r3,#24
 877              	 .loc 1 314 22
 878 002c 1A43     	 orrs r2,r2,r3
 313:../Libraries/XMCLib/src/xmc_dsd.c ****   channel->CGSYNC = (((uint32_t) config->delay << (uint32_t)DSD_CH_CGSYNC_SDPOS_Pos)
 879              	 .loc 1 313 19
 880 002e 7B68     	 ldr r3,[r7,#4]
 881 0030 C3F8A020 	 str r2,[r3,#160]
 315:../Libraries/XMCLib/src/xmc_dsd.c **** }
 882              	 .loc 1 315 1
 883 0034 00BF     	 nop
 884 0036 0C37     	 adds r7,r7,#12
 885              	.LCFI70:
 886              	 .cfi_def_cfa_offset 4
 887 0038 BD46     	 mov sp,r7
 888              	.LCFI71:
 889              	 .cfi_def_cfa_register 13
 890              	 
 891 003a 5DF8047B 	 ldr r7,[sp],#4
 892              	.LCFI72:
 893              	 .cfi_restore 7
 894              	 .cfi_def_cfa_offset 0
 895 003e 7047     	 bx lr
 896              	 .cfi_endproc
 897              	.LFE201:
 899              	 .section .text.XMC_DSD_CH_GetResult_TS,"ax",%progbits
 900              	 .align 1
 901              	 .global XMC_DSD_CH_GetResult_TS
 902              	 .syntax unified
 903              	 .thumb
 904              	 .thumb_func
 905              	 .fpu fpv4-sp-d16
 907              	XMC_DSD_CH_GetResult_TS:
 908              	.LFB202:
 316:../Libraries/XMCLib/src/xmc_dsd.c **** 
 317:../Libraries/XMCLib/src/xmc_dsd.c **** /* API to get the result of the last conversion */
 318:../Libraries/XMCLib/src/xmc_dsd.c **** void XMC_DSD_CH_GetResult_TS(XMC_DSD_CH_t *const channel,
 319:../Libraries/XMCLib/src/xmc_dsd.c ****                              int16_t *dsd_result,
 320:../Libraries/XMCLib/src/xmc_dsd.c ****                              uint8_t *dsd_filter_count,
 321:../Libraries/XMCLib/src/xmc_dsd.c ****                              uint8_t *dsd_integration_count)
 322:../Libraries/XMCLib/src/xmc_dsd.c **** {
 909              	 .loc 1 322 1
 910              	 .cfi_startproc
 911              	 
 912              	 
 913              	 
 914 0000 80B4     	 push {r7}
 915              	.LCFI73:
 916              	 .cfi_def_cfa_offset 4
 917              	 .cfi_offset 7,-4
 918 0002 87B0     	 sub sp,sp,#28
 919              	.LCFI74:
 920              	 .cfi_def_cfa_offset 32
 921 0004 00AF     	 add r7,sp,#0
 922              	.LCFI75:
 923              	 .cfi_def_cfa_register 7
 924 0006 F860     	 str r0,[r7,#12]
 925 0008 B960     	 str r1,[r7,#8]
 926 000a 7A60     	 str r2,[r7,#4]
 927 000c 3B60     	 str r3,[r7]
 323:../Libraries/XMCLib/src/xmc_dsd.c ****   uint32_t timestamp;
 324:../Libraries/XMCLib/src/xmc_dsd.c ****   uint16_t result;
 325:../Libraries/XMCLib/src/xmc_dsd.c **** 
 326:../Libraries/XMCLib/src/xmc_dsd.c ****   timestamp = channel->TSTMP;
 928              	 .loc 1 326 13
 929 000e FB68     	 ldr r3,[r7,#12]
 930 0010 1B6D     	 ldr r3,[r3,#80]
 931 0012 7B61     	 str r3,[r7,#20]
 327:../Libraries/XMCLib/src/xmc_dsd.c ****   result = (uint16_t)((uint32_t)timestamp & DSD_CH_TSTMP_RESULT_Msk);
 932              	 .loc 1 327 10
 933 0014 7B69     	 ldr r3,[r7,#20]
 934 0016 7B82     	 strh r3,[r7,#18]
 328:../Libraries/XMCLib/src/xmc_dsd.c ****   *dsd_result = (int16_t)(result);
 935              	 .loc 1 328 17
 936 0018 B7F91220 	 ldrsh r2,[r7,#18]
 937              	 .loc 1 328 15
 938 001c BB68     	 ldr r3,[r7,#8]
 939 001e 1A80     	 strh r2,[r3]
 329:../Libraries/XMCLib/src/xmc_dsd.c ****   *dsd_filter_count = (uint8_t) ((timestamp & (uint32_t)DSD_CH_TSTMP_CFMDCNT_Msk) >> (uint32_t)DSD_
 940              	 .loc 1 329 83
 941 0020 7B69     	 ldr r3,[r7,#20]
 942 0022 1B0C     	 lsrs r3,r3,#16
 943              	 .loc 1 329 23
 944 0024 DAB2     	 uxtb r2,r3
 945              	 .loc 1 329 21
 946 0026 7B68     	 ldr r3,[r7,#4]
 947 0028 1A70     	 strb r2,[r3]
 330:../Libraries/XMCLib/src/xmc_dsd.c ****   *dsd_integration_count = (uint8_t) ((timestamp & (uint32_t)DSD_CH_TSTMP_NVALCNT_Msk) >> (uint32_t
 948              	 .loc 1 330 88
 949 002a 7B69     	 ldr r3,[r7,#20]
 950 002c 1B0E     	 lsrs r3,r3,#24
 951              	 .loc 1 330 28
 952 002e DBB2     	 uxtb r3,r3
 953 0030 03F03F03 	 and r3,r3,#63
 954 0034 DAB2     	 uxtb r2,r3
 955              	 .loc 1 330 26
 956 0036 3B68     	 ldr r3,[r7]
 957 0038 1A70     	 strb r2,[r3]
 331:../Libraries/XMCLib/src/xmc_dsd.c **** }
 958              	 .loc 1 331 1
 959 003a 00BF     	 nop
 960 003c 1C37     	 adds r7,r7,#28
 961              	.LCFI76:
 962              	 .cfi_def_cfa_offset 4
 963 003e BD46     	 mov sp,r7
 964              	.LCFI77:
 965              	 .cfi_def_cfa_register 13
 966              	 
 967 0040 5DF8047B 	 ldr r7,[sp],#4
 968              	.LCFI78:
 969              	 .cfi_restore 7
 970              	 .cfi_def_cfa_offset 0
 971 0044 7047     	 bx lr
 972              	 .cfi_endproc
 973              	.LFE202:
 975              	 .section .text.XMC_DSD_CH_GetResult_TS_Time,"ax",%progbits
 976              	 .align 1
 977              	 .global XMC_DSD_CH_GetResult_TS_Time
 978              	 .syntax unified
 979              	 .thumb
 980              	 .thumb_func
 981              	 .fpu fpv4-sp-d16
 983              	XMC_DSD_CH_GetResult_TS_Time:
 984              	.LFB203:
 332:../Libraries/XMCLib/src/xmc_dsd.c **** 
 333:../Libraries/XMCLib/src/xmc_dsd.c **** /* API to get the result of the last conversion with the time */
 334:../Libraries/XMCLib/src/xmc_dsd.c **** void XMC_DSD_CH_GetResult_TS_Time(XMC_DSD_CH_t *const channel, int16_t *dsd_Result, uint32_t *time)
 335:../Libraries/XMCLib/src/xmc_dsd.c **** {
 985              	 .loc 1 335 1
 986              	 .cfi_startproc
 987              	 
 988              	 
 989              	 
 990 0000 80B4     	 push {r7}
 991              	.LCFI79:
 992              	 .cfi_def_cfa_offset 4
 993              	 .cfi_offset 7,-4
 994 0002 89B0     	 sub sp,sp,#36
 995              	.LCFI80:
 996              	 .cfi_def_cfa_offset 40
 997 0004 00AF     	 add r7,sp,#0
 998              	.LCFI81:
 999              	 .cfi_def_cfa_register 7
 1000 0006 F860     	 str r0,[r7,#12]
 1001 0008 B960     	 str r1,[r7,#8]
 1002 000a 7A60     	 str r2,[r7,#4]
 336:../Libraries/XMCLib/src/xmc_dsd.c ****   uint32_t timestamp;
 337:../Libraries/XMCLib/src/xmc_dsd.c ****   uint16_t filter_count;
 338:../Libraries/XMCLib/src/xmc_dsd.c ****   uint16_t integrator_count;
 339:../Libraries/XMCLib/src/xmc_dsd.c ****   uint16_t decimation;
 340:../Libraries/XMCLib/src/xmc_dsd.c ****   uint16_t result;
 341:../Libraries/XMCLib/src/xmc_dsd.c **** 
 342:../Libraries/XMCLib/src/xmc_dsd.c ****   timestamp = channel->TSTMP;
 1003              	 .loc 1 342 13
 1004 000c FB68     	 ldr r3,[r7,#12]
 1005 000e 1B6D     	 ldr r3,[r3,#80]
 1006 0010 BB61     	 str r3,[r7,#24]
 343:../Libraries/XMCLib/src/xmc_dsd.c ****   decimation = (uint16_t)(channel->FCFGC & DSD_CH_FCFGC_CFMDF_Msk);
 1007              	 .loc 1 343 34
 1008 0012 FB68     	 ldr r3,[r7,#12]
 1009 0014 5B69     	 ldr r3,[r3,#20]
 1010              	 .loc 1 343 16
 1011 0016 9BB2     	 uxth r3,r3
 1012              	 .loc 1 343 14
 1013 0018 DBB2     	 uxtb r3,r3
 1014 001a FB82     	 strh r3,[r7,#22]
 344:../Libraries/XMCLib/src/xmc_dsd.c ****   filter_count = (uint16_t)((timestamp & DSD_CH_TSTMP_CFMDCNT_Msk) >> DSD_CH_TSTMP_CFMDCNT_Pos);
 1015              	 .loc 1 344 68
 1016 001c BB69     	 ldr r3,[r7,#24]
 1017 001e 1B0C     	 lsrs r3,r3,#16
 1018              	 .loc 1 344 18
 1019 0020 9BB2     	 uxth r3,r3
 1020              	 .loc 1 344 16
 1021 0022 DBB2     	 uxtb r3,r3
 1022 0024 BB82     	 strh r3,[r7,#20]
 345:../Libraries/XMCLib/src/xmc_dsd.c **** 
 346:../Libraries/XMCLib/src/xmc_dsd.c ****   /* Integration enabled? */
 347:../Libraries/XMCLib/src/xmc_dsd.c ****   if ((channel->IWCTR & DSD_CH_IWCTR_INTEN_Msk))
 1023              	 .loc 1 347 15
 1024 0026 FB68     	 ldr r3,[r7,#12]
 1025 0028 1B6A     	 ldr r3,[r3,#32]
 1026              	 .loc 1 347 23
 1027 002a 03F08003 	 and r3,r3,#128
 1028              	 .loc 1 347 6
 1029 002e 002B     	 cmp r3,#0
 1030 0030 18D0     	 beq .L26
 348:../Libraries/XMCLib/src/xmc_dsd.c ****   {
 349:../Libraries/XMCLib/src/xmc_dsd.c ****     integrator_count = (uint16_t) ((timestamp & DSD_CH_TSTMP_NVALCNT_Msk) >> DSD_CH_TSTMP_NVALCNT_P
 1031              	 .loc 1 349 75
 1032 0032 BB69     	 ldr r3,[r7,#24]
 1033 0034 1B0E     	 lsrs r3,r3,#24
 1034              	 .loc 1 349 24
 1035 0036 9BB2     	 uxth r3,r3
 1036              	 .loc 1 349 22
 1037 0038 03F03F03 	 and r3,r3,#63
 1038 003c FB83     	 strh r3,[r7,#30]
 350:../Libraries/XMCLib/src/xmc_dsd.c **** 
 351:../Libraries/XMCLib/src/xmc_dsd.c ****     /*See Errata number: xxyy */
 352:../Libraries/XMCLib/src/xmc_dsd.c ****     if (filter_count == decimation)
 1039              	 .loc 1 352 8
 1040 003e BA8A     	 ldrh r2,[r7,#20]
 1041 0040 FB8A     	 ldrh r3,[r7,#22]
 1042 0042 9A42     	 cmp r2,r3
 1043 0044 02D1     	 bne .L27
 353:../Libraries/XMCLib/src/xmc_dsd.c ****     {
 354:../Libraries/XMCLib/src/xmc_dsd.c ****       integrator_count++;
 1044              	 .loc 1 354 23
 1045 0046 FB8B     	 ldrh r3,[r7,#30]
 1046 0048 0133     	 adds r3,r3,#1
 1047 004a FB83     	 strh r3,[r7,#30]
 1048              	.L27:
 355:../Libraries/XMCLib/src/xmc_dsd.c ****     }
 356:../Libraries/XMCLib/src/xmc_dsd.c ****     *time = (uint32_t)(((uint32_t) integrator_count * ((uint32_t) decimation + 1U)) + (uint32_t) ((
 1049              	 .loc 1 356 25
 1050 004c FB8B     	 ldrh r3,[r7,#30]
 1051              	 .loc 1 356 56
 1052 004e FA8A     	 ldrh r2,[r7,#22]
 1053              	 .loc 1 356 78
 1054 0050 0132     	 adds r2,r2,#1
 1055              	 .loc 1 356 53
 1056 0052 03FB02F2 	 mul r2,r3,r2
 1057              	 .loc 1 356 99
 1058 0056 F98A     	 ldrh r1,[r7,#22]
 1059              	 .loc 1 356 87
 1060 0058 BB8A     	 ldrh r3,[r7,#20]
 1061 005a CB1A     	 subs r3,r1,r3
 1062              	 .loc 1 356 13
 1063 005c 1A44     	 add r2,r2,r3
 1064              	 .loc 1 356 11
 1065 005e 7B68     	 ldr r3,[r7,#4]
 1066 0060 1A60     	 str r2,[r3]
 1067 0062 04E0     	 b .L28
 1068              	.L26:
 357:../Libraries/XMCLib/src/xmc_dsd.c ****   }
 358:../Libraries/XMCLib/src/xmc_dsd.c ****   else
 359:../Libraries/XMCLib/src/xmc_dsd.c ****   {
 360:../Libraries/XMCLib/src/xmc_dsd.c ****     *time = (uint32_t) ((uint32_t)decimation - filter_count);
 1069              	 .loc 1 360 25
 1070 0064 FA8A     	 ldrh r2,[r7,#22]
 1071              	 .loc 1 360 13
 1072 0066 BB8A     	 ldrh r3,[r7,#20]
 1073 0068 D21A     	 subs r2,r2,r3
 1074              	 .loc 1 360 11
 1075 006a 7B68     	 ldr r3,[r7,#4]
 1076 006c 1A60     	 str r2,[r3]
 1077              	.L28:
 361:../Libraries/XMCLib/src/xmc_dsd.c ****   }
 362:../Libraries/XMCLib/src/xmc_dsd.c ****   result = (uint16_t)((uint32_t)timestamp & DSD_CH_TSTMP_RESULT_Msk);
 1078              	 .loc 1 362 10
 1079 006e BB69     	 ldr r3,[r7,#24]
 1080 0070 7B82     	 strh r3,[r7,#18]
 363:../Libraries/XMCLib/src/xmc_dsd.c ****   *dsd_Result = (int16_t)(result);
 1081              	 .loc 1 363 17
 1082 0072 B7F91220 	 ldrsh r2,[r7,#18]
 1083              	 .loc 1 363 15
 1084 0076 BB68     	 ldr r3,[r7,#8]
 1085 0078 1A80     	 strh r2,[r3]
 364:../Libraries/XMCLib/src/xmc_dsd.c **** }
 1086              	 .loc 1 364 1
 1087 007a 00BF     	 nop
 1088 007c 2437     	 adds r7,r7,#36
 1089              	.LCFI82:
 1090              	 .cfi_def_cfa_offset 4
 1091 007e BD46     	 mov sp,r7
 1092              	.LCFI83:
 1093              	 .cfi_def_cfa_register 13
 1094              	 
 1095 0080 5DF8047B 	 ldr r7,[sp],#4
 1096              	.LCFI84:
 1097              	 .cfi_restore 7
 1098              	 .cfi_def_cfa_offset 0
 1099 0084 7047     	 bx lr
 1100              	 .cfi_endproc
 1101              	.LFE203:
 1103              	 .text
 1104              	.Letext0:
 1105              	 .file 2 "c:\\program files (x86)\\gnu arm embedded toolchain\\10 2020-q4-major\\arm-none-eabi\\include\\machine\\_default_types.h"
 1106              	 .file 3 "c:\\program files (x86)\\gnu arm embedded toolchain\\10 2020-q4-major\\arm-none-eabi\\include\\sys\\_stdint.h"
 1107              	 .file 4 "C:/Workspaces/DAVE-4.4.2-64Bit/_PKDS_TSTS06_923M_X45_V1_8/Libraries/CMSIS/Infineon/XMC4500_series/Include/XMC4500.h"
 1108              	 .file 5 "C:/Workspaces/DAVE-4.4.2-64Bit/_PKDS_TSTS06_923M_X45_V1_8/Libraries/XMCLib/inc/xmc_dsd.h"
 1109              	 .file 6 "C:/Workspaces/DAVE-4.4.2-64Bit/_PKDS_TSTS06_923M_X45_V1_8/Libraries/XMCLib/inc/xmc4_scu.h"
DEFINED SYMBOLS
                            *ABS*:00000000 xmc_dsd.c
    {standard input}:17     .text.XMC_DSD_Enable:00000000 $t
    {standard input}:25     .text.XMC_DSD_Enable:00000000 XMC_DSD_Enable
    {standard input}:61     .text.XMC_DSD_Disable:00000000 $t
    {standard input}:68     .text.XMC_DSD_Disable:00000000 XMC_DSD_Disable
    {standard input}:103    .text.XMC_DSD_EnableClock:00000000 $t
    {standard input}:110    .text.XMC_DSD_EnableClock:00000000 XMC_DSD_EnableClock
    {standard input}:158    .text.XMC_DSD_DisableClock:00000000 $t
    {standard input}:165    .text.XMC_DSD_DisableClock:00000000 XMC_DSD_DisableClock
    {standard input}:213    .text.XMC_DSD_Init:00000000 $t
    {standard input}:220    .text.XMC_DSD_Init:00000000 XMC_DSD_Init
    {standard input}:258    .text.XMC_DSD_IsEnabled:00000000 $t
    {standard input}:265    .text.XMC_DSD_IsEnabled:00000000 XMC_DSD_IsEnabled
    {standard input}:318    .text.XMC_DSD_Generator_Init:00000000 $t
    {standard input}:325    .text.XMC_DSD_Generator_Init:00000000 XMC_DSD_Generator_Init
    {standard input}:374    .text.XMC_DSD_CH_Init:00000000 $t
    {standard input}:381    .text.XMC_DSD_CH_Init:00000000 XMC_DSD_CH_Init
    {standard input}:501    .text.XMC_DSD_CH_MainFilter_Init:00000000 XMC_DSD_CH_MainFilter_Init
    {standard input}:668    .text.XMC_DSD_CH_AuxFilter_Init:00000000 XMC_DSD_CH_AuxFilter_Init
    {standard input}:733    .text.XMC_DSD_CH_Integrator_Init:00000000 XMC_DSD_CH_Integrator_Init
    {standard input}:833    .text.XMC_DSD_CH_Rectify_Init:00000000 XMC_DSD_CH_Rectify_Init
    {standard input}:603    .text.XMC_DSD_CH_Timestamp_Init:00000000 XMC_DSD_CH_Timestamp_Init
    {standard input}:494    .text.XMC_DSD_CH_MainFilter_Init:00000000 $t
    {standard input}:596    .text.XMC_DSD_CH_Timestamp_Init:00000000 $t
    {standard input}:661    .text.XMC_DSD_CH_AuxFilter_Init:00000000 $t
    {standard input}:726    .text.XMC_DSD_CH_Integrator_Init:00000000 $t
    {standard input}:826    .text.XMC_DSD_CH_Rectify_Init:00000000 $t
    {standard input}:900    .text.XMC_DSD_CH_GetResult_TS:00000000 $t
    {standard input}:907    .text.XMC_DSD_CH_GetResult_TS:00000000 XMC_DSD_CH_GetResult_TS
    {standard input}:976    .text.XMC_DSD_CH_GetResult_TS_Time:00000000 $t
    {standard input}:983    .text.XMC_DSD_CH_GetResult_TS_Time:00000000 XMC_DSD_CH_GetResult_TS_Time

UNDEFINED SYMBOLS
XMC_SCU_RESET_DeassertPeripheralReset
XMC_SCU_RESET_AssertPeripheralReset
XMC_SCU_RESET_IsPeripheralResetAsserted
