   1              	 .cpu cortex-m4
   2              	 .eabi_attribute 27,1
   3              	 .eabi_attribute 20,1
   4              	 .eabi_attribute 21,1
   5              	 .eabi_attribute 23,3
   6              	 .eabi_attribute 24,1
   7              	 .eabi_attribute 25,1
   8              	 .eabi_attribute 26,1
   9              	 .eabi_attribute 30,6
  10              	 .eabi_attribute 34,1
  11              	 .eabi_attribute 18,4
  12              	 .file "interrupt_conf.c"
  13              	 .text
  14              	.Ltext0:
  15              	 .cfi_sections .debug_frame
  16              	 .global CAN1_RX_INT
  17              	 .section .rodata.CAN1_RX_INT,"a"
  18              	 .align 2
  21              	CAN1_RX_INT:
  22 0000 52       	 .byte 82
  23 0001 3F       	 .byte 63
  24 0002 00       	 .byte 0
  25 0003 01       	 .byte 1
  26              	 .global CLUTCH_INT_CMP
  27              	 .section .rodata.CLUTCH_INT_CMP,"a"
  28              	 .align 2
  31              	CLUTCH_INT_CMP:
  32 0000 38       	 .byte 56
  33 0001 3F       	 .byte 63
  34 0002 00       	 .byte 0
  35 0003 01       	 .byte 1
  36              	 .global CLUTCH_INT_OVF
  37              	 .section .rodata.CLUTCH_INT_OVF,"a"
  38              	 .align 2
  41              	CLUTCH_INT_OVF:
  42 0000 39       	 .byte 57
  43 0001 3F       	 .byte 63
  44 0002 00       	 .byte 0
  45 0003 01       	 .byte 1
  46              	 .global CAN_2_RESET_INT
  47              	 .section .rodata.CAN_2_RESET_INT,"a"
  48              	 .align 2
  51              	CAN_2_RESET_INT:
  52 0000 4D       	 .byte 77
  53 0001 3F       	 .byte 63
  54 0002 00       	 .byte 0
  55 0003 01       	 .byte 1
  56              	 .global CAN_1_TRAP_SENSOR_INT
  57              	 .section .rodata.CAN_1_TRAP_SENSOR_INT,"a"
  58              	 .align 2
  61              	CAN_1_TRAP_SENSOR_INT:
  62 0000 4F       	 .byte 79
  63 0001 3F       	 .byte 63
  64 0002 00       	 .byte 0
  65 0003 01       	 .byte 1
  66              	 .global SERV_INT
  67              	 .section .rodata.SERV_INT,"a"
  68              	 .align 2
  71              	SERV_INT:
  72 0000 4E       	 .byte 78
  73 0001 3F       	 .byte 63
  74 0002 00       	 .byte 0
  75 0003 01       	 .byte 1
  76              	 .global CAN_1_STOP_BUT_INT
  77              	 .section .rodata.CAN_1_STOP_BUT_INT,"a"
  78              	 .align 2
  81              	CAN_1_STOP_BUT_INT:
  82 0000 51       	 .byte 81
  83 0001 3F       	 .byte 63
  84 0002 00       	 .byte 0
  85 0003 01       	 .byte 1
  86              	 .global CAN_NODE_ALLERT
  87              	 .section .rodata.CAN_NODE_ALLERT,"a"
  88              	 .align 2
  91              	CAN_NODE_ALLERT:
  92 0000 4C       	 .byte 76
  93 0001 3F       	 .byte 63
  94 0002 00       	 .byte 0
  95 0003 01       	 .byte 1
  96              	 .global BUZZ_INT_OVF
  97              	 .section .rodata.BUZZ_INT_OVF,"a"
  98              	 .align 2
 101              	BUZZ_INT_OVF:
 102 0000 3A       	 .byte 58
 103 0001 3F       	 .byte 63
 104 0002 00       	 .byte 0
 105 0003 01       	 .byte 1
 106              	 .global BUZZ_INT_CMP
 107              	 .section .rodata.BUZZ_INT_CMP,"a"
 108              	 .align 2
 111              	BUZZ_INT_CMP:
 112 0000 3B       	 .byte 59
 113 0001 3F       	 .byte 63
 114 0002 00       	 .byte 0
 115 0003 01       	 .byte 1
 116              	 .text
 117              	.Letext0:
 118              	 .file 1 "c:\\program files (x86)\\gnu arm embedded toolchain\\10 2020-q4-major\\arm-none-eabi\\include\\machine\\_default_types.h"
 119              	 .file 2 "c:\\program files (x86)\\gnu arm embedded toolchain\\10 2020-q4-major\\arm-none-eabi\\include\\sys\\_stdint.h"
 120              	 .file 3 "C:/Workspaces/DAVE-4.4.2-64Bit/_PKDS_TSTS06_STAND/Libraries/CMSIS/Infineon/XMC4500_series/Include/XMC4500.h"
 121              	 .file 4 "../Dave/Generated/INTERRUPT/interrupt.h"
 122              	 .file 5 "../Dave/Generated/INTERRUPT/interrupt_extern.h"
 123              	 .file 6 "../Dave/Generated/INTERRUPT/interrupt_conf.c"
DEFINED SYMBOLS
                            *ABS*:00000000 interrupt_conf.c
    {standard input}:21     .rodata.CAN1_RX_INT:00000000 CAN1_RX_INT
    {standard input}:18     .rodata.CAN1_RX_INT:00000000 $d
    {standard input}:31     .rodata.CLUTCH_INT_CMP:00000000 CLUTCH_INT_CMP
    {standard input}:28     .rodata.CLUTCH_INT_CMP:00000000 $d
    {standard input}:41     .rodata.CLUTCH_INT_OVF:00000000 CLUTCH_INT_OVF
    {standard input}:38     .rodata.CLUTCH_INT_OVF:00000000 $d
    {standard input}:51     .rodata.CAN_2_RESET_INT:00000000 CAN_2_RESET_INT
    {standard input}:48     .rodata.CAN_2_RESET_INT:00000000 $d
    {standard input}:61     .rodata.CAN_1_TRAP_SENSOR_INT:00000000 CAN_1_TRAP_SENSOR_INT
    {standard input}:58     .rodata.CAN_1_TRAP_SENSOR_INT:00000000 $d
    {standard input}:71     .rodata.SERV_INT:00000000 SERV_INT
    {standard input}:68     .rodata.SERV_INT:00000000 $d
    {standard input}:81     .rodata.CAN_1_STOP_BUT_INT:00000000 CAN_1_STOP_BUT_INT
    {standard input}:78     .rodata.CAN_1_STOP_BUT_INT:00000000 $d
    {standard input}:91     .rodata.CAN_NODE_ALLERT:00000000 CAN_NODE_ALLERT
    {standard input}:88     .rodata.CAN_NODE_ALLERT:00000000 $d
    {standard input}:101    .rodata.BUZZ_INT_OVF:00000000 BUZZ_INT_OVF
    {standard input}:98     .rodata.BUZZ_INT_OVF:00000000 $d
    {standard input}:111    .rodata.BUZZ_INT_CMP:00000000 BUZZ_INT_CMP
    {standard input}:108    .rodata.BUZZ_INT_CMP:00000000 $d

NO UNDEFINED SYMBOLS
